lockdown-install.js:1 Removing unpermitted intrinsics
2OrderSystem.vue:214 Fetching orders for customer: 3
2AddOrderPlanB.vue?t=1740460713939:197 Customer ID from localStorage: 3
2AddOrderPlanB.vue?t=1740460713939:208 Cached user info: Object
2AddOrderPlanB.vue?t=1740460713939:197 Customer ID from localStorage: 3
2AddOrderPlanB.vue?t=1740460713939:208 Cached user info: Object
2AddOrderPlanB.vue?t=1740460713939:357 Component created, fetching products...
2AddOrderPlanB.vue?t=1740460713939:237 Fetching products...
2AddOrderPlanB.vue?t=1740460713939:245 Fetching products for customer: 3
2AddOrderPlanB.vue?t=1740460713939:33 Available products count: 0
2AddOrderPlanB.vue?t=1740460713939:253 Products response: Object
2AddOrderPlanB.vue?t=1740460713939:256 Raw product data: Array(6)
2AddOrderPlanB.vue?t=1740460713939:266 Processed available products: Proxy(Array)
2AddOrderPlanB.vue?t=1740460713939:33 Available products count: 6
2AddOrderPlanB.vue?t=1740460713939:33 Available products count: 6
2AddOrderPlanB.vue?t=1740460713939:33 Available products count: 6
Chrome is moving towards a new experience that allows users to choose to browse without third-party cookies.
Chrome is moving towards a new experience that allows users to choose to browse without third-party cookies.
Chrome is moving towards a new experience that allows users to choose to browse without third-party cookies.
Chrome is moving towards a new experience that allows users to choose to browse without third-party cookies.
Chrome is moving towards a new experience that allows users to choose to browse without third-party cookies.
Chrome is moving towards a new experience that allows users to choose to browse without third-party cookies.
Chrome is moving towards a new experience that allows users to choose to browse without third-party cookies.
Chrome is moving towards a new experience that allows users to choose to browse without third-party cookies.
Chrome is moving towards a new experience that allows users to choose to browse without third-party cookies.
Chrome is moving towards a new experience that allows users to choose to browse without third-party cookies.
Chrome is moving towards a new experience that allows users to choose to browse without third-party cookies.
Chrome is moving towards a new experience that allows users to choose to browse without third-party cookies.
Chrome is moving towards a new experience that allows users to choose to browse without third-party cookies.
Chrome is moving towards a new experience that allows users to choose to browse without third-party cookies.
Chrome is moving towards a new experience that allows users to choose to browse without third-party cookies.
Chrome is moving towards a new experience that allows users to choose to browse without third-party cookies.
Chrome is moving towards a new experience that allows users to choose to browse without third-party cookies.
Chrome is moving towards a new experience that allows users to choose to browse without third-party cookies.
Chrome is moving towards a new experience that allows users to choose to browse without third-party cookies.
2AddOrderPlanB.vue?t=1740460713939:136 Submitting order data: {order_number: 'T250225887', customer_id: 3, products: Array(1)}
2AddOrderPlanB.vue?t=1740460713939:142 Create order response: {message: '訂單創建成功', status: 'success'}
2AddOrderPlanB.vue?t=1740460713939:180 Error submitting order: TypeError: Cannot read properties of undefined (reading 'order_id')
    at Proxy.submitOrder (2AddOrderPlanB.vue?t=1740460713939:150:43)
submitOrder @ 2AddOrderPlanB.vue?t=1740460713939:180
await in submitOrder
_createElementVNode.onClick._cache.<computed>._cache.<computed> @ 2AddOrderPlanB.vue?t=1740460713939:590
callWithErrorHandling @ chunk-P4JRBGFP.js?v=47336064:1678
callWithAsyncErrorHandling @ chunk-P4JRBGFP.js?v=47336064:1685
invoker @ chunk-P4JRBGFP.js?v=47336064:10355
2AddOrderPlanB.vue:352 Customer ID from localStorage: 3
2AddOrderPlanB.vue:363 Cached user info: {customer_id: 3, username: '3333', company_name: '3333'}
2AddOrderPlanB.vue:352 Customer ID from localStorage: 3
2AddOrderPlanB.vue:363 Cached user info: {customer_id: 3, username: '3333', company_name: '3333'}
2AddOrderPlanB.vue:512 Component created, fetching products...
2AddOrderPlanB.vue:392 Fetching products...
2AddOrderPlanB.vue:400 Fetching products for customer: 3
2AddOrderPlanB.vue:177 Available products count: 0
2AddOrderPlanB.vue:408 Products response: {data: Array(6), status: 'success'}
2AddOrderPlanB.vue:411 Raw product data: (6) [{…}, {…}, {…}, {…}, {…}, {…}]
2AddOrderPlanB.vue:421 Processed available products: Proxy(Array) {0: {…}, 1: {…}, 2: {…}, 3: {…}, 4: {…}, 5: {…}}
2AddOrderPlanB.vue:177 Available products count: 6
2AddOrderPlanB.vue:177 Available products count: 6
2AddOrderPlanB.vue:177 Available products count: 6
2AddOrderPlanB.vue:280 Submitting order data: {order_number: 'T250225708', customer_id: 3, products: Array(1)}
2AddOrderPlanB.vue:286 Create order response: {message: '訂單創建成功', status: 'success'}
2AddOrderPlanB.vue:335 Error submitting order: TypeError: Cannot read properties of undefined (reading 'order_id')
    at Proxy.submitOrder (2AddOrderPlanB.vue:304:43)
submitOrder @ 2AddOrderPlanB.vue:335
await in submitOrder
_createElementVNode.onClick._cache.<computed>._cache.<computed> @ 2AddOrderPlanB.vue:131
callWithErrorHandling @ chunk-P4JRBGFP.js?v=47336064:1678
callWithAsyncErrorHandling @ chunk-P4JRBGFP.js?v=47336064:1685
invoker @ chunk-P4JRBGFP.js?v=47336064:10355
