2025-03-22 06:35:29,130 - date_cleaner - INFO - 初始化調度器
2025-03-22 06:35:29,200 - date_cleaner - INFO - 使用時區: Asia/Taipei, 當前時間: 2025-03-22T14:35:29.200119+08:00
2025-03-22 06:35:29,211 - apscheduler.scheduler - INFO - Adding job tentatively -- it will be properly scheduled when the scheduler starts
2025-03-22 06:35:29,342 - apscheduler.scheduler - INFO - Adding job tentatively -- it will be properly scheduled when the scheduler starts
2025-03-22 06:35:29,351 - apscheduler.scheduler - INFO - Added job "清理過期鎖定日期任務" to job store "default"
2025-03-22 06:35:29,352 - apscheduler.scheduler - INFO - Added job "初始清理過期鎖定日期任務" to job store "default"
2025-03-22 06:35:29,353 - apscheduler.scheduler - INFO - Scheduler started
2025-03-22 06:35:29,360 - date_cleaner - INFO - 調度器已成功啟動
2025-03-22 06:35:29,361 - date_cleaner - INFO - 已調度任務: initial_clean_job (初始清理過期鎖定日期任務), 下次執行時間: 2025-03-22 14:35:39
2025-03-22 06:35:29,361 - date_cleaner - INFO - 已調度任務: clean_expired_dates_job (清理過期鎖定日期任務), 下次執行時間: 2025-03-23 00:05:00
2025-03-22 06:35:39,212 - apscheduler.executors.default - INFO - Running job "初始清理過期鎖定日期任務 (trigger: date[2025-03-22 14:35:39 CST], next run at: 2025-03-22 14:35:39 CST)" (scheduled at 2025-03-22 14:35:39.212156+08:00)
2025-03-22 06:35:39,213 - date_cleaner - INFO - 開始執行過期日期清理任務
2025-03-22 06:35:39,213 - date_cleaner - INFO - 當前日期: 2025-03-22
2025-03-22 06:35:39,213 - apscheduler.scheduler - INFO - Removed job initial_clean_job
2025-03-22 06:35:39,226 - date_cleaner - INFO - 資料庫中的所有日期: []
2025-03-22 06:35:39,229 - date_cleaner - INFO - 已提交事務
2025-03-22 06:35:39,236 - date_cleaner - INFO - 沒有過期的鎖定日期需要清理
2025-03-22 06:35:39,238 - date_cleaner - INFO - 清理後資料庫中的日期: []
2025-03-22 06:35:39,239 - date_cleaner - INFO - 鎖定日期清理任務結束
2025-03-22 06:35:39,239 - apscheduler.executors.default - INFO - Job "初始清理過期鎖定日期任務 (trigger: date[2025-03-22 14:35:39 CST], next run at: 2025-03-22 14:35:39 CST)" executed successfully
2025-03-22 06:35:39,240 - date_cleaner - INFO - 任務 initial_clean_job 執行成功，清理了 0 個過期日期
2025-03-22 06:36:57,264 - date_cleaner - INFO - 初始化調度器
2025-03-22 06:36:57,326 - date_cleaner - INFO - 使用時區: Asia/Taipei, 當前時間: 2025-03-22T14:36:57.326367+08:00
2025-03-22 06:36:57,337 - apscheduler.scheduler - INFO - Adding job tentatively -- it will be properly scheduled when the scheduler starts
2025-03-22 06:36:57,476 - apscheduler.scheduler - INFO - Adding job tentatively -- it will be properly scheduled when the scheduler starts
2025-03-22 06:36:57,478 - apscheduler.scheduler - INFO - Added job "清理過期鎖定日期任務" to job store "default"
2025-03-22 06:36:57,486 - apscheduler.scheduler - INFO - Added job "初始清理過期鎖定日期任務" to job store "default"
2025-03-22 06:36:57,487 - apscheduler.scheduler - INFO - Scheduler started
2025-03-22 06:36:57,495 - date_cleaner - INFO - 調度器已成功啟動
2025-03-22 06:36:57,496 - date_cleaner - INFO - 已調度任務: initial_clean_job (初始清理過期鎖定日期任務), 下次執行時間: 2025-03-22 14:37:07
2025-03-22 06:36:57,497 - date_cleaner - INFO - 已調度任務: clean_expired_dates_job (清理過期鎖定日期任務), 下次執行時間: 2025-03-23 00:05:00
2025-03-22 06:40:04,282 - date_cleaner - INFO - 初始化調度器
2025-03-22 06:40:04,552 - date_cleaner - INFO - 使用時區: Asia/Taipei, 當前時間: 2025-03-22T14:40:04.525233+08:00
2025-03-22 06:40:04,563 - apscheduler.scheduler - INFO - Adding job tentatively -- it will be properly scheduled when the scheduler starts
2025-03-22 06:40:04,995 - apscheduler.scheduler - INFO - Adding job tentatively -- it will be properly scheduled when the scheduler starts
2025-03-22 06:40:05,005 - apscheduler.scheduler - INFO - Added job "清理過期鎖定日期任務" to job store "default"
2025-03-22 06:40:05,006 - apscheduler.scheduler - INFO - Added job "初始清理過期鎖定日期任務" to job store "default"
2025-03-22 06:40:05,007 - apscheduler.scheduler - INFO - Scheduler started
2025-03-22 06:40:05,008 - date_cleaner - INFO - 調度器已成功啟動
2025-03-22 06:40:05,015 - date_cleaner - INFO - 已調度任務: initial_clean_job (初始清理過期鎖定日期任務), 下次執行時間: 2025-03-22 14:40:14
2025-03-22 06:40:05,015 - date_cleaner - INFO - 已調度任務: clean_expired_dates_job (清理過期鎖定日期任務), 下次執行時間: 2025-03-23 00:05:00
2025-03-22 06:40:14,573 - apscheduler.executors.default - INFO - Running job "初始清理過期鎖定日期任務 (trigger: date[2025-03-22 14:40:14 CST], next run at: 2025-03-22 14:40:14 CST)" (scheduled at 2025-03-22 14:40:14.572722+08:00)
2025-03-22 06:40:14,573 - date_cleaner - INFO - 開始執行過期日期清理任務
2025-03-22 06:40:14,573 - date_cleaner - INFO - 當前日期: 2025-03-22
2025-03-22 06:40:14,574 - apscheduler.scheduler - INFO - Removed job initial_clean_job
2025-03-22 06:40:14,578 - date_cleaner - INFO - 資料庫中的所有日期: []
2025-03-22 06:40:14,586 - date_cleaner - INFO - 已提交事務
2025-03-22 06:40:14,587 - date_cleaner - INFO - 沒有過期的鎖定日期需要清理
2025-03-22 06:40:14,589 - date_cleaner - INFO - 清理後資料庫中的日期: []
2025-03-22 06:40:14,591 - date_cleaner - INFO - 鎖定日期清理任務結束
2025-03-22 06:40:14,591 - apscheduler.executors.default - INFO - Job "初始清理過期鎖定日期任務 (trigger: date[2025-03-22 14:40:14 CST], next run at: 2025-03-22 14:40:14 CST)" executed successfully
2025-03-22 06:40:14,591 - date_cleaner - INFO - 任務 initial_clean_job 執行成功，清理了 0 個過期日期
2025-03-22 06:41:31,842 - date_cleaner - INFO - 初始化調度器
2025-03-22 06:41:31,914 - date_cleaner - INFO - 使用時區: Asia/Taipei, 當前時間: 2025-03-22T14:41:31.914429+08:00
2025-03-22 06:41:31,928 - apscheduler.scheduler - INFO - Adding job tentatively -- it will be properly scheduled when the scheduler starts
2025-03-22 06:41:32,044 - apscheduler.scheduler - INFO - Adding job tentatively -- it will be properly scheduled when the scheduler starts
2025-03-22 06:41:32,047 - apscheduler.scheduler - INFO - Added job "清理過期鎖定日期任務" to job store "default"
2025-03-22 06:41:32,053 - apscheduler.scheduler - INFO - Added job "初始清理過期鎖定日期任務" to job store "default"
2025-03-22 06:41:32,054 - apscheduler.scheduler - INFO - Scheduler started
2025-03-22 06:41:32,055 - date_cleaner - INFO - 調度器已成功啟動
2025-03-22 06:41:32,055 - date_cleaner - INFO - 已調度任務: initial_clean_job (初始清理過期鎖定日期任務), 下次執行時間: 2025-03-22 14:41:41
2025-03-22 06:41:32,056 - date_cleaner - INFO - 已調度任務: clean_expired_dates_job (清理過期鎖定日期任務), 下次執行時間: 2025-03-23 00:05:00
2025-03-22 06:41:41,933 - apscheduler.executors.default - INFO - Running job "初始清理過期鎖定日期任務 (trigger: date[2025-03-22 14:41:41 CST], next run at: 2025-03-22 14:41:41 CST)" (scheduled at 2025-03-22 14:41:41.933028+08:00)
2025-03-22 06:41:41,936 - date_cleaner - INFO - 開始執行過期日期清理任務
2025-03-22 06:41:41,937 - date_cleaner - INFO - 當前日期: 2025-03-22
2025-03-22 06:41:41,934 - apscheduler.scheduler - INFO - Removed job initial_clean_job
2025-03-22 06:41:41,945 - date_cleaner - INFO - 資料庫中的所有日期: []
2025-03-22 06:41:41,948 - date_cleaner - INFO - 已提交事務
2025-03-22 06:41:41,948 - date_cleaner - INFO - 沒有過期的鎖定日期需要清理
2025-03-22 06:41:41,951 - date_cleaner - INFO - 清理後資料庫中的日期: []
2025-03-22 06:41:41,952 - date_cleaner - INFO - 鎖定日期清理任務結束
2025-03-22 06:41:41,952 - apscheduler.executors.default - INFO - Job "初始清理過期鎖定日期任務 (trigger: date[2025-03-22 14:41:41 CST], next run at: 2025-03-22 14:41:41 CST)" executed successfully
2025-03-22 06:41:41,956 - date_cleaner - INFO - 任務 initial_clean_job 執行成功，清理了 0 個過期日期
2025-03-22 08:18:23,639 - date_cleaner - INFO - 初始化調度器
2025-03-22 08:18:23,707 - date_cleaner - INFO - 使用時區: Asia/Taipei, 當前時間: 2025-03-22T16:18:23.707823+08:00
2025-03-22 08:18:23,719 - apscheduler.scheduler - INFO - Adding job tentatively -- it will be properly scheduled when the scheduler starts
2025-03-22 08:18:23,889 - apscheduler.scheduler - INFO - Adding job tentatively -- it will be properly scheduled when the scheduler starts
2025-03-22 08:18:23,898 - apscheduler.scheduler - INFO - Added job "清理過期鎖定日期任務" to job store "default"
2025-03-22 08:18:23,899 - apscheduler.scheduler - INFO - Added job "初始清理過期鎖定日期任務" to job store "default"
2025-03-22 08:18:23,900 - apscheduler.scheduler - INFO - Scheduler started
2025-03-22 08:18:23,908 - date_cleaner - INFO - 調度器已成功啟動
2025-03-22 08:18:23,909 - date_cleaner - INFO - 已調度任務: initial_clean_job (初始清理過期鎖定日期任務), 下次執行時間: 2025-03-22 16:18:33
2025-03-22 08:18:23,910 - date_cleaner - INFO - 已調度任務: clean_expired_dates_job (清理過期鎖定日期任務), 下次執行時間: 2025-03-23 00:05:00
2025-03-22 08:18:33,721 - apscheduler.executors.default - INFO - Running job "初始清理過期鎖定日期任務 (trigger: date[2025-03-22 16:18:33 CST], next run at: 2025-03-22 16:18:33 CST)" (scheduled at 2025-03-22 16:18:33.720862+08:00)
2025-03-22 08:18:33,722 - date_cleaner - INFO - 開始執行過期日期清理任務
2025-03-22 08:18:33,725 - date_cleaner - INFO - 當前日期: 2025-03-22
2025-03-22 08:18:33,721 - apscheduler.scheduler - INFO - Removed job initial_clean_job
2025-03-22 08:18:33,731 - date_cleaner - INFO - 資料庫中的所有日期: []
2025-03-22 08:18:33,736 - date_cleaner - INFO - 已提交事務
2025-03-22 08:18:33,737 - date_cleaner - INFO - 沒有過期的鎖定日期需要清理
2025-03-22 08:18:33,743 - date_cleaner - INFO - 清理後資料庫中的日期: []
2025-03-22 08:18:33,748 - date_cleaner - INFO - 鎖定日期清理任務結束
2025-03-22 08:18:33,749 - apscheduler.executors.default - INFO - Job "初始清理過期鎖定日期任務 (trigger: date[2025-03-22 16:18:33 CST], next run at: 2025-03-22 16:18:33 CST)" executed successfully
2025-03-22 08:18:33,750 - date_cleaner - INFO - 任務 initial_clean_job 執行成功，清理了 0 個過期日期
2025-03-22 08:20:13,672 - date_cleaner - INFO - 初始化調度器
2025-03-22 08:20:13,744 - date_cleaner - INFO - 使用時區: Asia/Taipei, 當前時間: 2025-03-22T16:20:13.743956+08:00
2025-03-22 08:20:13,763 - apscheduler.scheduler - INFO - Adding job tentatively -- it will be properly scheduled when the scheduler starts
2025-03-22 08:20:13,883 - apscheduler.scheduler - INFO - Adding job tentatively -- it will be properly scheduled when the scheduler starts
2025-03-22 08:20:13,886 - apscheduler.scheduler - INFO - Added job "清理過期鎖定日期任務" to job store "default"
2025-03-22 08:20:13,893 - apscheduler.scheduler - INFO - Added job "初始清理過期鎖定日期任務" to job store "default"
2025-03-22 08:20:13,893 - apscheduler.scheduler - INFO - Scheduler started
2025-03-22 08:20:13,894 - date_cleaner - INFO - 調度器已成功啟動
2025-03-22 08:20:13,895 - date_cleaner - INFO - 已調度任務: initial_clean_job (初始清理過期鎖定日期任務), 下次執行時間: 2025-03-22 16:20:23
2025-03-22 08:20:13,895 - date_cleaner - INFO - 已調度任務: clean_expired_dates_job (清理過期鎖定日期任務), 下次執行時間: 2025-03-23 00:05:00
2025-03-22 08:20:23,771 - apscheduler.executors.default - INFO - Running job "初始清理過期鎖定日期任務 (trigger: date[2025-03-22 16:20:23 CST], next run at: 2025-03-22 16:20:23 CST)" (scheduled at 2025-03-22 16:20:23.765056+08:00)
2025-03-22 08:20:23,773 - date_cleaner - INFO - 開始執行過期日期清理任務
2025-03-22 08:20:23,772 - apscheduler.scheduler - INFO - Removed job initial_clean_job
2025-03-22 08:20:23,791 - date_cleaner - INFO - 當前日期: 2025-03-22
2025-03-22 08:20:23,803 - date_cleaner - INFO - 資料庫中的所有日期: []
2025-03-22 08:20:23,811 - date_cleaner - INFO - 已提交事務
2025-03-22 08:20:23,812 - date_cleaner - INFO - 沒有過期的鎖定日期需要清理
2025-03-22 08:20:23,822 - date_cleaner - INFO - 清理後資料庫中的日期: []
2025-03-22 08:20:23,833 - date_cleaner - INFO - 鎖定日期清理任務結束
2025-03-22 08:20:23,834 - apscheduler.executors.default - INFO - Job "初始清理過期鎖定日期任務 (trigger: date[2025-03-22 16:20:23 CST], next run at: 2025-03-22 16:20:23 CST)" executed successfully
2025-03-22 08:20:23,851 - date_cleaner - INFO - 任務 initial_clean_job 執行成功，清理了 0 個過期日期
2025-03-23 00:05:00,186 - apscheduler.executors.default - INFO - Running job "清理過期鎖定日期任務 (trigger: cron[hour='0', minute='5'], next run at: 2025-03-24 00:05:00 UTC)" (scheduled at 2025-03-23 00:05:00+00:00)
2025-03-23 00:05:00,227 - date_cleaner - INFO - 開始執行過期日期清理任務
2025-03-23 00:05:00,228 - date_cleaner - INFO - 當前日期: 2025-03-23
2025-03-23 00:05:00,367 - date_cleaner - INFO - 資料庫中的所有日期: []
2025-03-23 00:05:00,383 - date_cleaner - INFO - 已提交事務
2025-03-23 00:05:00,384 - date_cleaner - INFO - 沒有過期的鎖定日期需要清理
2025-03-23 00:05:00,388 - date_cleaner - INFO - 清理後資料庫中的日期: []
2025-03-23 00:05:00,392 - date_cleaner - INFO - 鎖定日期清理任務結束
2025-03-23 00:05:00,394 - apscheduler.executors.default - INFO - Job "清理過期鎖定日期任務 (trigger: cron[hour='0', minute='5'], next run at: 2025-03-24 00:05:00 UTC)" executed successfully
2025-03-23 00:05:00,403 - date_cleaner - INFO - 任務 clean_expired_dates_job 執行成功，清理了 0 個過期日期
2025-03-24 00:05:00,253 - apscheduler.executors.default - INFO - Running job "清理過期鎖定日期任務 (trigger: cron[hour='0', minute='5'], next run at: 2025-03-25 00:05:00 UTC)" (scheduled at 2025-03-24 00:05:00+00:00)
2025-03-24 00:05:00,294 - date_cleaner - INFO - 開始執行過期日期清理任務
2025-03-24 00:05:00,301 - date_cleaner - INFO - 當前日期: 2025-03-24
2025-03-24 00:05:00,445 - date_cleaner - INFO - 資料庫中的所有日期: []
2025-03-24 00:05:00,461 - date_cleaner - INFO - 已提交事務
2025-03-24 00:05:00,461 - date_cleaner - INFO - 沒有過期的鎖定日期需要清理
2025-03-24 00:05:00,463 - date_cleaner - INFO - 清理後資料庫中的日期: []
2025-03-24 00:05:00,467 - date_cleaner - INFO - 鎖定日期清理任務結束
2025-03-24 00:05:00,468 - apscheduler.executors.default - INFO - Job "清理過期鎖定日期任務 (trigger: cron[hour='0', minute='5'], next run at: 2025-03-25 00:05:00 UTC)" executed successfully
2025-03-24 00:05:00,478 - date_cleaner - INFO - 任務 clean_expired_dates_job 執行成功，清理了 0 個過期日期
2025-03-24 02:38:14,948 - date_cleaner - INFO - 初始化調度器
2025-03-24 02:38:15,009 - date_cleaner - INFO - 使用時區: Asia/Taipei, 當前時間: 2025-03-24T10:38:15.009857+08:00
2025-03-24 02:38:15,021 - apscheduler.scheduler - INFO - Adding job tentatively -- it will be properly scheduled when the scheduler starts
2025-03-24 02:38:15,140 - apscheduler.scheduler - INFO - Adding job tentatively -- it will be properly scheduled when the scheduler starts
2025-03-24 02:38:15,149 - apscheduler.scheduler - INFO - Added job "清理過期鎖定日期任務" to job store "default"
2025-03-24 02:38:15,150 - apscheduler.scheduler - INFO - Added job "初始清理過期鎖定日期任務" to job store "default"
2025-03-24 02:38:15,152 - apscheduler.scheduler - INFO - Scheduler started
2025-03-24 02:38:15,159 - date_cleaner - INFO - 調度器已成功啟動
2025-03-24 02:38:15,160 - date_cleaner - INFO - 已調度任務: initial_clean_job (初始清理過期鎖定日期任務), 下次執行時間: 2025-03-24 10:38:25
2025-03-24 02:38:15,162 - date_cleaner - INFO - 已調度任務: clean_expired_dates_job (清理過期鎖定日期任務), 下次執行時間: 2025-03-25 00:05:00
2025-03-24 02:38:25,028 - apscheduler.executors.default - INFO - Running job "初始清理過期鎖定日期任務 (trigger: date[2025-03-24 10:38:25 CST], next run at: 2025-03-24 10:38:25 CST)" (scheduled at 2025-03-24 10:38:25.028227+08:00)
2025-03-24 02:38:25,029 - apscheduler.scheduler - INFO - Removed job initial_clean_job
2025-03-24 02:38:25,031 - date_cleaner - INFO - 開始執行過期日期清理任務
2025-03-24 02:38:25,031 - date_cleaner - INFO - 當前日期: 2025-03-24
2025-03-24 02:38:25,048 - date_cleaner - INFO - 資料庫中的所有日期: []
2025-03-24 02:38:25,057 - date_cleaner - INFO - 已提交事務
2025-03-24 02:38:25,058 - date_cleaner - INFO - 沒有過期的鎖定日期需要清理
2025-03-24 02:38:25,060 - date_cleaner - INFO - 清理後資料庫中的日期: []
2025-03-24 02:38:25,068 - date_cleaner - INFO - 鎖定日期清理任務結束
2025-03-24 02:38:25,069 - apscheduler.executors.default - INFO - Job "初始清理過期鎖定日期任務 (trigger: date[2025-03-24 10:38:25 CST], next run at: 2025-03-24 10:38:25 CST)" executed successfully
2025-03-24 02:38:25,069 - date_cleaner - INFO - 任務 initial_clean_job 執行成功，清理了 0 個過期日期
2025-03-24 02:47:59,439 - azure.core.pipeline.policies.http_logging_policy - INFO - Request URL: 'https://uatrdgrandholystorage.blob.core.windows.net/uploads/1/c5f87a4c-171a-4948-ac13-3283d7e78e1c___ZG9jeA.docx'
Request method: 'HEAD'
Request headers:
    'x-ms-version': 'REDACTED'
    'Accept': 'application/xml'
    'User-Agent': 'azsdk-python-storage-blob/12.9.0 Python/3.8.20 (Linux-5.15.173.1-2.cm2-x86_64-with-glibc2.2.5)'
    'x-ms-date': 'REDACTED'
    'x-ms-client-request-id': '65acb908-085a-11f0-8ee4-9e562a2ba51b'
    'Authorization': 'REDACTED'
No body was attached to the request
2025-03-24 02:47:59,615 - azure.core.pipeline.policies.http_logging_policy - INFO - Response status: 200
Response headers:
    'Content-Length': '16123'
    'Content-Type': 'application/vnd.openxmlformats-officedocument.wordprocessingml.document'
    'Content-MD5': 'REDACTED'
    'Last-Modified': 'Fri, 21 Mar 2025 02:31:29 GMT'
    'Accept-Ranges': 'REDACTED'
    'ETag': '"0x8DD68207CBC452D"'
    'Server': 'Windows-Azure-Blob/1.0 Microsoft-HTTPAPI/2.0'
    'x-ms-request-id': '8820d0e2-401e-0058-5167-9cfd3f000000'
    'x-ms-client-request-id': '65acb908-085a-11f0-8ee4-9e562a2ba51b'
    'x-ms-version': 'REDACTED'
    'x-ms-creation-time': 'REDACTED'
    'x-ms-lease-status': 'REDACTED'
    'x-ms-lease-state': 'REDACTED'
    'x-ms-blob-type': 'REDACTED'
    'x-ms-server-encrypted': 'REDACTED'
    'x-ms-access-tier': 'REDACTED'
    'x-ms-access-tier-inferred': 'REDACTED'
    'Date': 'Mon, 24 Mar 2025 02:47:58 GMT'
2025-03-24 02:47:59,626 - azure.core.pipeline.policies.http_logging_policy - INFO - Request URL: 'https://uatrdgrandholystorage.blob.core.windows.net/uploads/1/c5f87a4c-171a-4948-ac13-3283d7e78e1c___ZG9jeA.docx'
Request method: 'GET'
Request headers:
    'x-ms-range': 'REDACTED'
    'x-ms-version': 'REDACTED'
    'Accept': 'application/xml'
    'User-Agent': 'azsdk-python-storage-blob/12.9.0 Python/3.8.20 (Linux-5.15.173.1-2.cm2-x86_64-with-glibc2.2.5)'
    'x-ms-date': 'REDACTED'
    'x-ms-client-request-id': '65c95f68-085a-11f0-8ee4-9e562a2ba51b'
    'Authorization': 'REDACTED'
No body was attached to the request
2025-03-24 02:47:59,656 - azure.core.pipeline.policies.http_logging_policy - INFO - Response status: 206
Response headers:
    'Content-Length': '16123'
    'Content-Type': 'application/vnd.openxmlformats-officedocument.wordprocessingml.document'
    'Content-Range': 'REDACTED'
    'Last-Modified': 'Fri, 21 Mar 2025 02:31:29 GMT'
    'Accept-Ranges': 'REDACTED'
    'ETag': '"0x8DD68207CBC452D"'
    'Server': 'Windows-Azure-Blob/1.0 Microsoft-HTTPAPI/2.0'
    'x-ms-request-id': '8820d0f3-401e-0058-5f67-9cfd3f000000'
    'x-ms-client-request-id': '65c95f68-085a-11f0-8ee4-9e562a2ba51b'
    'x-ms-version': 'REDACTED'
    'x-ms-creation-time': 'REDACTED'
    'x-ms-blob-content-md5': 'REDACTED'
    'x-ms-lease-status': 'REDACTED'
    'x-ms-lease-state': 'REDACTED'
    'x-ms-blob-type': 'REDACTED'
    'x-ms-server-encrypted': 'REDACTED'
    'Date': 'Mon, 24 Mar 2025 02:47:58 GMT'
2025-03-24 02:54:09,776 - azure.core.pipeline.policies.http_logging_policy - INFO - Request URL: 'https://uatrdgrandholystorage.blob.core.windows.net/uploads?restype=REDACTED&comp=REDACTED&prefix=REDACTED'
Request method: 'GET'
Request headers:
    'x-ms-version': 'REDACTED'
    'Accept': 'application/xml'
    'User-Agent': 'azsdk-python-storage-blob/12.9.0 Python/3.8.20 (Linux-5.15.173.1-2.cm2-x86_64-with-glibc2.2.5)'
    'x-ms-date': 'REDACTED'
    'x-ms-client-request-id': '4269c408-085b-11f0-8ee4-9e562a2ba51b'
    'Authorization': 'REDACTED'
No body was attached to the request
2025-03-24 02:54:09,863 - azure.core.pipeline.policies.http_logging_policy - INFO - Response status: 200
Response headers:
    'Transfer-Encoding': 'chunked'
    'Content-Type': 'application/xml'
    'Server': 'Windows-Azure-Blob/1.0 Microsoft-HTTPAPI/2.0'
    'x-ms-request-id': '554677f8-b01e-005c-3068-9c7038000000'
    'x-ms-client-request-id': '4269c408-085b-11f0-8ee4-9e562a2ba51b'
    'x-ms-version': 'REDACTED'
    'Date': 'Mon, 24 Mar 2025 02:54:09 GMT'
2025-03-24 02:54:09,875 - root - INFO - 使用直接提供的blob路徑: 1/c5f87a4c-171a-4948-ac13-3283d7e78e1c___ZG9jeA.docx
2025-03-24 02:54:09,884 - azure.core.pipeline.policies.http_logging_policy - INFO - Request URL: 'https://uatrdgrandholystorage.blob.core.windows.net/uploads/1/c5f87a4c-171a-4948-ac13-3283d7e78e1c___ZG9jeA.docx'
Request method: 'HEAD'
Request headers:
    'x-ms-version': 'REDACTED'
    'Accept': 'application/xml'
    'User-Agent': 'azsdk-python-storage-blob/12.9.0 Python/3.8.20 (Linux-5.15.173.1-2.cm2-x86_64-with-glibc2.2.5)'
    'x-ms-date': 'REDACTED'
    'x-ms-client-request-id': '427a4382-085b-11f0-8ee4-9e562a2ba51b'
    'Authorization': 'REDACTED'
No body was attached to the request
2025-03-24 02:54:09,974 - azure.core.pipeline.policies.http_logging_policy - INFO - Response status: 200
Response headers:
    'Content-Length': '16123'
    'Content-Type': 'application/vnd.openxmlformats-officedocument.wordprocessingml.document'
    'Content-MD5': 'REDACTED'
    'Last-Modified': 'Fri, 21 Mar 2025 02:31:29 GMT'
    'Accept-Ranges': 'REDACTED'
    'ETag': '"0x8DD68207CBC452D"'
    'Server': 'Windows-Azure-Blob/1.0 Microsoft-HTTPAPI/2.0'
    'x-ms-request-id': 'bbdbafd0-d01e-004a-0568-9c86ef000000'
    'x-ms-client-request-id': '427a4382-085b-11f0-8ee4-9e562a2ba51b'
    'x-ms-version': 'REDACTED'
    'x-ms-creation-time': 'REDACTED'
    'x-ms-lease-status': 'REDACTED'
    'x-ms-lease-state': 'REDACTED'
    'x-ms-blob-type': 'REDACTED'
    'x-ms-server-encrypted': 'REDACTED'
    'x-ms-access-tier': 'REDACTED'
    'x-ms-access-tier-inferred': 'REDACTED'
    'Date': 'Mon, 24 Mar 2025 02:54:09 GMT'
2025-03-24 02:54:09,993 - azure.core.pipeline.policies.http_logging_policy - INFO - Request URL: 'https://uatrdgrandholystorage.blob.core.windows.net/uploads/1/c5f87a4c-171a-4948-ac13-3283d7e78e1c___ZG9jeA.docx'
Request method: 'DELETE'
Request headers:
    'x-ms-version': 'REDACTED'
    'Accept': 'application/xml'
    'User-Agent': 'azsdk-python-storage-blob/12.9.0 Python/3.8.20 (Linux-5.15.173.1-2.cm2-x86_64-with-glibc2.2.5)'
    'x-ms-date': 'REDACTED'
    'x-ms-client-request-id': '428afc40-085b-11f0-8ee4-9e562a2ba51b'
    'Authorization': 'REDACTED'
No body was attached to the request
2025-03-24 02:54:10,023 - azure.core.pipeline.policies.http_logging_policy - INFO - Response status: 202
Response headers:
    'Content-Length': '0'
    'Server': 'Windows-Azure-Blob/1.0 Microsoft-HTTPAPI/2.0'
    'x-ms-request-id': 'bbdbaff4-d01e-004a-2468-9c86ef000000'
    'x-ms-client-request-id': '428afc40-085b-11f0-8ee4-9e562a2ba51b'
    'x-ms-version': 'REDACTED'
    'x-ms-delete-type-permanent': 'REDACTED'
    'Date': 'Mon, 24 Mar 2025 02:54:09 GMT'
2025-03-24 02:54:10,025 - root - INFO - 成功刪除blob: 1/c5f87a4c-171a-4948-ac13-3283d7e78e1c___ZG9jeA.docx
2025-03-24 02:54:10,135 - azure.core.pipeline.policies.http_logging_policy - INFO - Request URL: 'https://uatrdgrandholystorage.blob.core.windows.net/uploads?restype=REDACTED'
Request method: 'GET'
Request headers:
    'x-ms-version': 'REDACTED'
    'Accept': 'application/xml'
    'User-Agent': 'azsdk-python-storage-blob/12.9.0 Python/3.8.20 (Linux-5.15.173.1-2.cm2-x86_64-with-glibc2.2.5)'
    'x-ms-date': 'REDACTED'
    'x-ms-client-request-id': '42a09cee-085b-11f0-8ee4-9e562a2ba51b'
    'Authorization': 'REDACTED'
No body was attached to the request
2025-03-24 02:54:10,275 - azure.core.pipeline.policies.http_logging_policy - INFO - Response status: 200
Response headers:
    'Content-Length': '0'
    'Last-Modified': 'Tue, 18 Mar 2025 07:51:30 GMT'
    'ETag': '"0x8DD65F1B22B7684"'
    'Server': 'Windows-Azure-Blob/1.0 Microsoft-HTTPAPI/2.0'
    'x-ms-request-id': '8825cdec-401e-0058-4368-9cfd3f000000'
    'x-ms-client-request-id': '42a09cee-085b-11f0-8ee4-9e562a2ba51b'
    'x-ms-version': 'REDACTED'
    'x-ms-lease-status': 'REDACTED'
    'x-ms-lease-state': 'REDACTED'
    'x-ms-has-immutability-policy': 'REDACTED'
    'x-ms-has-legal-hold': 'REDACTED'
    'x-ms-immutable-storage-with-versioning-enabled': 'REDACTED'
    'x-ms-blob-public-access': 'REDACTED'
    'x-ms-default-encryption-scope': 'REDACTED'
    'x-ms-deny-encryption-scope-override': 'REDACTED'
    'Date': 'Mon, 24 Mar 2025 02:54:09 GMT'
2025-03-24 02:54:10,286 - root - INFO - 上傳文件: 789fad29-9993-466e-978f-848fe019af49___ZG9jeA==, 內容類型: application/vnd.openxmlformats-officedocument.wordprocessingml.document
2025-03-24 02:54:10,287 - root - INFO - 已添加副檔名: 789fad29-9993-466e-978f-848fe019af49___ZG9jeA==.docx
2025-03-24 02:54:10,295 - root - INFO - 文件名已安全處理: 789fad29-9993-466e-978f-848fe019af49___ZG9jeA==.docx -> 789fad29-9993-466e-978f-848fe019af49___ZG9jeA.docx
2025-03-24 02:54:10,316 - azure.core.pipeline.policies.http_logging_policy - INFO - Request URL: 'https://uatrdgrandholystorage.blob.core.windows.net/uploads/1/789fad29-9993-466e-978f-848fe019af49___ZG9jeA.docx'
Request method: 'PUT'
Request headers:
    'x-ms-blob-type': 'REDACTED'
    'Content-Length': '9941'
    'x-ms-version': 'REDACTED'
    'Content-Type': 'application/vnd.openxmlformats-officedocument.wordprocessingml.document'
    'Accept': 'application/xml'
    'User-Agent': 'azsdk-python-storage-blob/12.9.0 Python/3.8.20 (Linux-5.15.173.1-2.cm2-x86_64-with-glibc2.2.5)'
    'x-ms-date': 'REDACTED'
    'x-ms-client-request-id': '42bc27ac-085b-11f0-8ee4-9e562a2ba51b'
    'Authorization': 'REDACTED'
A body is sent with the request
2025-03-24 02:54:10,523 - azure.core.pipeline.policies.http_logging_policy - INFO - Response status: 201
Response headers:
    'Content-Length': '0'
    'Content-MD5': 'REDACTED'
    'Last-Modified': 'Mon, 24 Mar 2025 02:54:10 GMT'
    'ETag': '"0x8DD6A7F27096200"'
    'Server': 'Windows-Azure-Blob/1.0 Microsoft-HTTPAPI/2.0'
    'x-ms-request-id': '39eb49e1-401e-0067-6868-9c359c000000'
    'x-ms-client-request-id': '42bc27ac-085b-11f0-8ee4-9e562a2ba51b'
    'x-ms-version': 'REDACTED'
    'x-ms-content-crc64': 'REDACTED'
    'x-ms-request-server-encrypted': 'REDACTED'
    'Date': 'Mon, 24 Mar 2025 02:54:10 GMT'
2025-03-24 02:54:10,543 - root - INFO - 文件已上傳到Azure Blob，路徑: 1/789fad29-9993-466e-978f-848fe019af49___ZG9jeA.docx, 內容類型: application/vnd.openxmlformats-officedocument.wordprocessingml.document
2025-03-24 02:54:10,655 - root - INFO - 從URL提取的blob路徑: 1/c5f87a4c-171a-4948-ac13-3283d7e78e1c___ZG9jeA.docx
2025-03-24 02:54:10,656 - azure.core.pipeline.policies.http_logging_policy - INFO - Request URL: 'https://uatrdgrandholystorage.blob.core.windows.net/uploads/1/c5f87a4c-171a-4948-ac13-3283d7e78e1c___ZG9jeA.docx'
Request method: 'HEAD'
Request headers:
    'x-ms-version': 'REDACTED'
    'Accept': 'application/xml'
    'User-Agent': 'azsdk-python-storage-blob/12.9.0 Python/3.8.20 (Linux-5.15.173.1-2.cm2-x86_64-with-glibc2.2.5)'
    'x-ms-date': 'REDACTED'
    'x-ms-client-request-id': '42f007fc-085b-11f0-8ee4-9e562a2ba51b'
    'Authorization': 'REDACTED'
No body was attached to the request
2025-03-24 02:54:10,846 - azure.core.pipeline.policies.http_logging_policy - INFO - Response status: 404
Response headers:
    'Transfer-Encoding': 'chunked'
    'Server': 'Windows-Azure-Blob/1.0 Microsoft-HTTPAPI/2.0'
    'x-ms-request-id': '25ed83e3-401e-0005-6e68-9cf7bb000000'
    'x-ms-client-request-id': '42f007fc-085b-11f0-8ee4-9e562a2ba51b'
    'x-ms-version': 'REDACTED'
    'x-ms-is-soft-deleted': 'REDACTED'
    'x-ms-error-code': 'BlobNotFound'
    'Date': 'Mon, 24 Mar 2025 02:54:10 GMT'
2025-03-24 02:54:10,864 - root - WARNING - 要刪除的blob不存在: https://uatrdgrandholystorage.blob.core.windows.net/uploads/1/c5f87a4c-171a-4948-ac13-3283d7e78e1c___ZG9jeA.docx
2025-03-24 02:54:14,064 - azure.core.pipeline.policies.http_logging_policy - INFO - Request URL: 'https://uatrdgrandholystorage.blob.core.windows.net/uploads/1/789fad29-9993-466e-978f-848fe019af49___ZG9jeA.docx'
Request method: 'HEAD'
Request headers:
    'x-ms-version': 'REDACTED'
    'Accept': 'application/xml'
    'User-Agent': 'azsdk-python-storage-blob/12.9.0 Python/3.8.20 (Linux-5.15.173.1-2.cm2-x86_64-with-glibc2.2.5)'
    'x-ms-date': 'REDACTED'
    'x-ms-client-request-id': '44f81094-085b-11f0-8ee4-9e562a2ba51b'
    'Authorization': 'REDACTED'
No body was attached to the request
2025-03-24 02:54:14,153 - azure.core.pipeline.policies.http_logging_policy - INFO - Response status: 200
Response headers:
    'Content-Length': '9941'
    'Content-Type': 'application/vnd.openxmlformats-officedocument.wordprocessingml.document'
    'Content-MD5': 'REDACTED'
    'Last-Modified': 'Mon, 24 Mar 2025 02:54:10 GMT'
    'Accept-Ranges': 'REDACTED'
    'ETag': '"0x8DD6A7F27096200"'
    'Server': 'Windows-Azure-Blob/1.0 Microsoft-HTTPAPI/2.0'
    'x-ms-request-id': '19935fd6-301e-006d-1f68-9c912b000000'
    'x-ms-client-request-id': '44f81094-085b-11f0-8ee4-9e562a2ba51b'
    'x-ms-version': 'REDACTED'
    'x-ms-creation-time': 'REDACTED'
    'x-ms-lease-status': 'REDACTED'
    'x-ms-lease-state': 'REDACTED'
    'x-ms-blob-type': 'REDACTED'
    'x-ms-server-encrypted': 'REDACTED'
    'x-ms-access-tier': 'REDACTED'
    'x-ms-access-tier-inferred': 'REDACTED'
    'Date': 'Mon, 24 Mar 2025 02:54:13 GMT'
2025-03-24 02:54:14,163 - azure.core.pipeline.policies.http_logging_policy - INFO - Request URL: 'https://uatrdgrandholystorage.blob.core.windows.net/uploads/1/789fad29-9993-466e-978f-848fe019af49___ZG9jeA.docx'
Request method: 'GET'
Request headers:
    'x-ms-range': 'REDACTED'
    'x-ms-version': 'REDACTED'
    'Accept': 'application/xml'
    'User-Agent': 'azsdk-python-storage-blob/12.9.0 Python/3.8.20 (Linux-5.15.173.1-2.cm2-x86_64-with-glibc2.2.5)'
    'x-ms-date': 'REDACTED'
    'x-ms-client-request-id': '450739f2-085b-11f0-8ee4-9e562a2ba51b'
    'Authorization': 'REDACTED'
No body was attached to the request
2025-03-24 02:54:14,182 - azure.core.pipeline.policies.http_logging_policy - INFO - Response status: 206
Response headers:
    'Content-Length': '9941'
    'Content-Type': 'application/vnd.openxmlformats-officedocument.wordprocessingml.document'
    'Content-Range': 'REDACTED'
    'Last-Modified': 'Mon, 24 Mar 2025 02:54:10 GMT'
    'Accept-Ranges': 'REDACTED'
    'ETag': '"0x8DD6A7F27096200"'
    'Server': 'Windows-Azure-Blob/1.0 Microsoft-HTTPAPI/2.0'
    'x-ms-request-id': '19935fe3-301e-006d-2868-9c912b000000'
    'x-ms-client-request-id': '450739f2-085b-11f0-8ee4-9e562a2ba51b'
    'x-ms-version': 'REDACTED'
    'x-ms-creation-time': 'REDACTED'
    'x-ms-blob-content-md5': 'REDACTED'
    'x-ms-lease-status': 'REDACTED'
    'x-ms-lease-state': 'REDACTED'
    'x-ms-blob-type': 'REDACTED'
    'x-ms-server-encrypted': 'REDACTED'
    'Date': 'Mon, 24 Mar 2025 02:54:13 GMT'
2025-03-24 02:55:03,058 - linebot - INFO - No handler of UnfollowEvent and no default handler
2025-03-24 02:58:25,045 - linebot - INFO - No handler of FollowEvent and no default handler
2025-03-24 02:58:53,906 - linebot - INFO - No handler of LeaveEvent and no default handler
2025-03-24 03:51:20,028 - azure.core.pipeline.policies.http_logging_policy - INFO - Request URL: 'https://uatrdgrandholystorage.blob.core.windows.net/uploads?restype=REDACTED&comp=REDACTED&prefix=REDACTED'
Request method: 'GET'
Request headers:
    'x-ms-version': 'REDACTED'
    'Accept': 'application/xml'
    'User-Agent': 'azsdk-python-storage-blob/12.9.0 Python/3.8.20 (Linux-5.15.173.1-2.cm2-x86_64-with-glibc2.2.5)'
    'x-ms-date': 'REDACTED'
    'x-ms-client-request-id': '3f00923a-0863-11f0-8ee4-9e562a2ba51b'
    'Authorization': 'REDACTED'
No body was attached to the request
2025-03-24 03:51:20,164 - azure.core.pipeline.policies.http_logging_policy - INFO - Response status: 200
Response headers:
    'Transfer-Encoding': 'chunked'
    'Content-Type': 'application/xml'
    'Server': 'Windows-Azure-Blob/1.0 Microsoft-HTTPAPI/2.0'
    'x-ms-request-id': 'f6850092-701e-0053-4b70-9c0654000000'
    'x-ms-client-request-id': '3f00923a-0863-11f0-8ee4-9e562a2ba51b'
    'x-ms-version': 'REDACTED'
    'Date': 'Mon, 24 Mar 2025 03:51:20 GMT'
2025-03-24 03:51:20,190 - root - INFO - 使用直接提供的blob路徑: 1/9e2abcc5-86ef-4006-a373-cd1f4e298bc2___cG5n.png
2025-03-24 03:51:20,197 - azure.core.pipeline.policies.http_logging_policy - INFO - Request URL: 'https://uatrdgrandholystorage.blob.core.windows.net/uploads/1/9e2abcc5-86ef-4006-a373-cd1f4e298bc2___cG5n.png'
Request method: 'HEAD'
Request headers:
    'x-ms-version': 'REDACTED'
    'Accept': 'application/xml'
    'User-Agent': 'azsdk-python-storage-blob/12.9.0 Python/3.8.20 (Linux-5.15.173.1-2.cm2-x86_64-with-glibc2.2.5)'
    'x-ms-date': 'REDACTED'
    'x-ms-client-request-id': '3f1a7d80-0863-11f0-8ee4-9e562a2ba51b'
    'Authorization': 'REDACTED'
No body was attached to the request
2025-03-24 03:51:20,287 - azure.core.pipeline.policies.http_logging_policy - INFO - Response status: 200
Response headers:
    'Content-Length': '2265890'
    'Content-Type': 'image/png'
    'Content-MD5': 'REDACTED'
    'Last-Modified': 'Fri, 21 Mar 2025 02:31:29 GMT'
    'Accept-Ranges': 'REDACTED'
    'ETag': '"0x8DD68207C6CAAA8"'
    'Server': 'Windows-Azure-Blob/1.0 Microsoft-HTTPAPI/2.0'
    'x-ms-request-id': '47549ff1-e01e-0051-1170-9cb8ec000000'
    'x-ms-client-request-id': '3f1a7d80-0863-11f0-8ee4-9e562a2ba51b'
    'x-ms-version': 'REDACTED'
    'x-ms-creation-time': 'REDACTED'
    'x-ms-lease-status': 'REDACTED'
    'x-ms-lease-state': 'REDACTED'
    'x-ms-blob-type': 'REDACTED'
    'x-ms-server-encrypted': 'REDACTED'
    'x-ms-access-tier': 'REDACTED'
    'x-ms-access-tier-inferred': 'REDACTED'
    'Date': 'Mon, 24 Mar 2025 03:51:19 GMT'
2025-03-24 03:51:20,299 - azure.core.pipeline.policies.http_logging_policy - INFO - Request URL: 'https://uatrdgrandholystorage.blob.core.windows.net/uploads/1/9e2abcc5-86ef-4006-a373-cd1f4e298bc2___cG5n.png'
Request method: 'DELETE'
Request headers:
    'x-ms-version': 'REDACTED'
    'Accept': 'application/xml'
    'User-Agent': 'azsdk-python-storage-blob/12.9.0 Python/3.8.20 (Linux-5.15.173.1-2.cm2-x86_64-with-glibc2.2.5)'
    'x-ms-date': 'REDACTED'
    'x-ms-client-request-id': '3f2a0282-0863-11f0-8ee4-9e562a2ba51b'
    'Authorization': 'REDACTED'
No body was attached to the request
2025-03-24 03:51:20,317 - azure.core.pipeline.policies.http_logging_policy - INFO - Response status: 202
Response headers:
    'Content-Length': '0'
    'Server': 'Windows-Azure-Blob/1.0 Microsoft-HTTPAPI/2.0'
    'x-ms-request-id': '47549ff6-e01e-0051-1470-9cb8ec000000'
    'x-ms-client-request-id': '3f2a0282-0863-11f0-8ee4-9e562a2ba51b'
    'x-ms-version': 'REDACTED'
    'x-ms-delete-type-permanent': 'REDACTED'
    'Date': 'Mon, 24 Mar 2025 03:51:19 GMT'
2025-03-24 03:51:20,318 - root - INFO - 成功刪除blob: 1/9e2abcc5-86ef-4006-a373-cd1f4e298bc2___cG5n.png
2025-03-24 03:51:20,337 - azure.core.pipeline.policies.http_logging_policy - INFO - Request URL: 'https://uatrdgrandholystorage.blob.core.windows.net/uploads?restype=REDACTED'
Request method: 'GET'
Request headers:
    'x-ms-version': 'REDACTED'
    'Accept': 'application/xml'
    'User-Agent': 'azsdk-python-storage-blob/12.9.0 Python/3.8.20 (Linux-5.15.173.1-2.cm2-x86_64-with-glibc2.2.5)'
    'x-ms-date': 'REDACTED'
    'x-ms-client-request-id': '3f2ee752-0863-11f0-8ee4-9e562a2ba51b'
    'Authorization': 'REDACTED'
No body was attached to the request
2025-03-24 03:51:20,405 - azure.core.pipeline.policies.http_logging_policy - INFO - Response status: 200
Response headers:
    'Content-Length': '0'
    'Last-Modified': 'Tue, 18 Mar 2025 07:51:30 GMT'
    'ETag': '"0x8DD65F1B22B7684"'
    'Server': 'Windows-Azure-Blob/1.0 Microsoft-HTTPAPI/2.0'
    'x-ms-request-id': 'cd08ecab-901e-005b-1070-9c1c5b000000'
    'x-ms-client-request-id': '3f2ee752-0863-11f0-8ee4-9e562a2ba51b'
    'x-ms-version': 'REDACTED'
    'x-ms-lease-status': 'REDACTED'
    'x-ms-lease-state': 'REDACTED'
    'x-ms-has-immutability-policy': 'REDACTED'
    'x-ms-has-legal-hold': 'REDACTED'
    'x-ms-immutable-storage-with-versioning-enabled': 'REDACTED'
    'x-ms-blob-public-access': 'REDACTED'
    'x-ms-default-encryption-scope': 'REDACTED'
    'x-ms-deny-encryption-scope-override': 'REDACTED'
    'Date': 'Mon, 24 Mar 2025 03:51:20 GMT'
2025-03-24 03:51:20,428 - root - INFO - 上傳文件: ae46a07b-1b1d-4142-86bb-27e7d1e557cd___cG5n, 內容類型: image/png
2025-03-24 03:51:20,429 - root - INFO - 已添加副檔名: ae46a07b-1b1d-4142-86bb-27e7d1e557cd___cG5n.png
2025-03-24 03:51:20,449 - azure.core.pipeline.policies.http_logging_policy - INFO - Request URL: 'https://uatrdgrandholystorage.blob.core.windows.net/uploads/1/ae46a07b-1b1d-4142-86bb-27e7d1e557cd___cG5n.png'
Request method: 'PUT'
Request headers:
    'x-ms-blob-type': 'REDACTED'
    'Content-Length': '2265890'
    'x-ms-version': 'REDACTED'
    'Content-Type': 'image/png'
    'Accept': 'application/xml'
    'User-Agent': 'azsdk-python-storage-blob/12.9.0 Python/3.8.20 (Linux-5.15.173.1-2.cm2-x86_64-with-glibc2.2.5)'
    'x-ms-date': 'REDACTED'
    'x-ms-client-request-id': '3f40ea6a-0863-11f0-8ee4-9e562a2ba51b'
    'Authorization': 'REDACTED'
A body is sent with the request
2025-03-24 03:51:20,631 - azure.core.pipeline.policies.http_logging_policy - INFO - Response status: 201
Response headers:
    'Content-Length': '0'
    'Content-MD5': 'REDACTED'
    'Last-Modified': 'Mon, 24 Mar 2025 03:51:20 GMT'
    'ETag': '"0x8DD6A87238FF4BF"'
    'Server': 'Windows-Azure-Blob/1.0 Microsoft-HTTPAPI/2.0'
    'x-ms-request-id': '8271997d-601e-004f-7a70-9c5434000000'
    'x-ms-client-request-id': '3f40ea6a-0863-11f0-8ee4-9e562a2ba51b'
    'x-ms-version': 'REDACTED'
    'x-ms-content-crc64': 'REDACTED'
    'x-ms-request-server-encrypted': 'REDACTED'
    'Date': 'Mon, 24 Mar 2025 03:51:20 GMT'
2025-03-24 03:51:20,652 - root - INFO - 文件已上傳到Azure Blob，路徑: 1/ae46a07b-1b1d-4142-86bb-27e7d1e557cd___cG5n.png, 內容類型: image/png
2025-03-24 03:51:20,743 - azure.core.pipeline.policies.http_logging_policy - INFO - Request URL: 'https://uatrdgrandholystorage.blob.core.windows.net/uploads?restype=REDACTED&comp=REDACTED&prefix=REDACTED'
Request method: 'GET'
Request headers:
    'x-ms-version': 'REDACTED'
    'Accept': 'application/xml'
    'User-Agent': 'azsdk-python-storage-blob/12.9.0 Python/3.8.20 (Linux-5.15.173.1-2.cm2-x86_64-with-glibc2.2.5)'
    'x-ms-date': 'REDACTED'
    'x-ms-client-request-id': '3f6de600-0863-11f0-8ee4-9e562a2ba51b'
    'Authorization': 'REDACTED'
No body was attached to the request
2025-03-24 03:51:20,832 - azure.core.pipeline.policies.http_logging_policy - INFO - Response status: 200
Response headers:
    'Transfer-Encoding': 'chunked'
    'Content-Type': 'application/xml'
    'Server': 'Windows-Azure-Blob/1.0 Microsoft-HTTPAPI/2.0'
    'x-ms-request-id': '80dd75f7-201e-0071-2670-9cc34b000000'
    'x-ms-client-request-id': '3f6de600-0863-11f0-8ee4-9e562a2ba51b'
    'x-ms-version': 'REDACTED'
    'Date': 'Mon, 24 Mar 2025 03:51:20 GMT'
2025-03-24 03:51:20,865 - root - INFO - 使用直接提供的blob路徑: 1/789fad29-9993-466e-978f-848fe019af49___ZG9jeA.docx
2025-03-24 03:51:20,874 - azure.core.pipeline.policies.http_logging_policy - INFO - Request URL: 'https://uatrdgrandholystorage.blob.core.windows.net/uploads/1/789fad29-9993-466e-978f-848fe019af49___ZG9jeA.docx'
Request method: 'HEAD'
Request headers:
    'x-ms-version': 'REDACTED'
    'Accept': 'application/xml'
    'User-Agent': 'azsdk-python-storage-blob/12.9.0 Python/3.8.20 (Linux-5.15.173.1-2.cm2-x86_64-with-glibc2.2.5)'
    'x-ms-date': 'REDACTED'
    'x-ms-client-request-id': '3f81ced6-0863-11f0-8ee4-9e562a2ba51b'
    'Authorization': 'REDACTED'
No body was attached to the request
2025-03-24 03:51:20,974 - azure.core.pipeline.policies.http_logging_policy - INFO - Response status: 200
Response headers:
    'Content-Length': '9941'
    'Content-Type': 'application/vnd.openxmlformats-officedocument.wordprocessingml.document'
    'Content-MD5': 'REDACTED'
    'Last-Modified': 'Mon, 24 Mar 2025 02:54:10 GMT'
    'Accept-Ranges': 'REDACTED'
    'ETag': '"0x8DD6A7F27096200"'
    'Server': 'Windows-Azure-Blob/1.0 Microsoft-HTTPAPI/2.0'
    'x-ms-request-id': '5a894256-b01e-002e-7370-9c7777000000'
    'x-ms-client-request-id': '3f81ced6-0863-11f0-8ee4-9e562a2ba51b'
    'x-ms-version': 'REDACTED'
    'x-ms-creation-time': 'REDACTED'
    'x-ms-lease-status': 'REDACTED'
    'x-ms-lease-state': 'REDACTED'
    'x-ms-blob-type': 'REDACTED'
    'x-ms-server-encrypted': 'REDACTED'
    'x-ms-access-tier': 'REDACTED'
    'x-ms-access-tier-inferred': 'REDACTED'
    'Date': 'Mon, 24 Mar 2025 03:51:20 GMT'
2025-03-24 03:51:21,015 - azure.core.pipeline.policies.http_logging_policy - INFO - Request URL: 'https://uatrdgrandholystorage.blob.core.windows.net/uploads/1/789fad29-9993-466e-978f-848fe019af49___ZG9jeA.docx'
Request method: 'DELETE'
Request headers:
    'x-ms-version': 'REDACTED'
    'Accept': 'application/xml'
    'User-Agent': 'azsdk-python-storage-blob/12.9.0 Python/3.8.20 (Linux-5.15.173.1-2.cm2-x86_64-with-glibc2.2.5)'
    'x-ms-date': 'REDACTED'
    'x-ms-client-request-id': '3f974c66-0863-11f0-8ee4-9e562a2ba51b'
    'Authorization': 'REDACTED'
No body was attached to the request
2025-03-24 03:51:21,035 - azure.core.pipeline.policies.http_logging_policy - INFO - Response status: 202
Response headers:
    'Content-Length': '0'
    'Server': 'Windows-Azure-Blob/1.0 Microsoft-HTTPAPI/2.0'
    'x-ms-request-id': '5a89428e-b01e-002e-2070-9c7777000000'
    'x-ms-client-request-id': '3f974c66-0863-11f0-8ee4-9e562a2ba51b'
    'x-ms-version': 'REDACTED'
    'x-ms-delete-type-permanent': 'REDACTED'
    'Date': 'Mon, 24 Mar 2025 03:51:20 GMT'
2025-03-24 03:51:21,036 - root - INFO - 成功刪除blob: 1/789fad29-9993-466e-978f-848fe019af49___ZG9jeA.docx
2025-03-24 03:51:21,057 - azure.core.pipeline.policies.http_logging_policy - INFO - Request URL: 'https://uatrdgrandholystorage.blob.core.windows.net/uploads?restype=REDACTED'
Request method: 'GET'
Request headers:
    'x-ms-version': 'REDACTED'
    'Accept': 'application/xml'
    'User-Agent': 'azsdk-python-storage-blob/12.9.0 Python/3.8.20 (Linux-5.15.173.1-2.cm2-x86_64-with-glibc2.2.5)'
    'x-ms-date': 'REDACTED'
    'x-ms-client-request-id': '3f9dbb8c-0863-11f0-8ee4-9e562a2ba51b'
    'Authorization': 'REDACTED'
No body was attached to the request
2025-03-24 03:51:21,217 - azure.core.pipeline.policies.http_logging_policy - INFO - Response status: 200
Response headers:
    'Content-Length': '0'
    'Last-Modified': 'Tue, 18 Mar 2025 07:51:30 GMT'
    'ETag': '"0x8DD65F1B22B7684"'
    'Server': 'Windows-Azure-Blob/1.0 Microsoft-HTTPAPI/2.0'
    'x-ms-request-id': '51e9c88d-001e-0076-6f70-9caf28000000'
    'x-ms-client-request-id': '3f9dbb8c-0863-11f0-8ee4-9e562a2ba51b'
    'x-ms-version': 'REDACTED'
    'x-ms-lease-status': 'REDACTED'
    'x-ms-lease-state': 'REDACTED'
    'x-ms-has-immutability-policy': 'REDACTED'
    'x-ms-has-legal-hold': 'REDACTED'
    'x-ms-immutable-storage-with-versioning-enabled': 'REDACTED'
    'x-ms-blob-public-access': 'REDACTED'
    'x-ms-default-encryption-scope': 'REDACTED'
    'x-ms-deny-encryption-scope-override': 'REDACTED'
    'Date': 'Mon, 24 Mar 2025 03:51:21 GMT'
2025-03-24 03:51:21,227 - root - INFO - 上傳文件: 87ace27c-a463-4b3e-99a3-e21415cd5b47___ZG9jeA==, 內容類型: application/vnd.openxmlformats-officedocument.wordprocessingml.document
2025-03-24 03:51:21,235 - root - INFO - 已添加副檔名: 87ace27c-a463-4b3e-99a3-e21415cd5b47___ZG9jeA==.docx
2025-03-24 03:51:21,236 - root - INFO - 文件名已安全處理: 87ace27c-a463-4b3e-99a3-e21415cd5b47___ZG9jeA==.docx -> 87ace27c-a463-4b3e-99a3-e21415cd5b47___ZG9jeA.docx
2025-03-24 03:51:21,256 - azure.core.pipeline.policies.http_logging_policy - INFO - Request URL: 'https://uatrdgrandholystorage.blob.core.windows.net/uploads/1/87ace27c-a463-4b3e-99a3-e21415cd5b47___ZG9jeA.docx'
Request method: 'PUT'
Request headers:
    'x-ms-blob-type': 'REDACTED'
    'Content-Length': '9941'
    'x-ms-version': 'REDACTED'
    'Content-Type': 'application/vnd.openxmlformats-officedocument.wordprocessingml.document'
    'Accept': 'application/xml'
    'User-Agent': 'azsdk-python-storage-blob/12.9.0 Python/3.8.20 (Linux-5.15.173.1-2.cm2-x86_64-with-glibc2.2.5)'
    'x-ms-date': 'REDACTED'
    'x-ms-client-request-id': '3fbc16e0-0863-11f0-8ee4-9e562a2ba51b'
    'Authorization': 'REDACTED'
A body is sent with the request
2025-03-24 03:51:21,335 - azure.core.pipeline.policies.http_logging_policy - INFO - Response status: 201
Response headers:
    'Content-Length': '0'
    'Content-MD5': 'REDACTED'
    'Last-Modified': 'Mon, 24 Mar 2025 03:51:21 GMT'
    'ETag': '"0x8DD6A8723FBECC5"'
    'Server': 'Windows-Azure-Blob/1.0 Microsoft-HTTPAPI/2.0'
    'x-ms-request-id': 'dcacfca0-101e-0008-8070-9c3f6f000000'
    'x-ms-client-request-id': '3fbc16e0-0863-11f0-8ee4-9e562a2ba51b'
    'x-ms-version': 'REDACTED'
    'x-ms-content-crc64': 'REDACTED'
    'x-ms-request-server-encrypted': 'REDACTED'
    'Date': 'Mon, 24 Mar 2025 03:51:20 GMT'
2025-03-24 03:51:21,339 - root - INFO - 文件已上傳到Azure Blob，路徑: 1/87ace27c-a463-4b3e-99a3-e21415cd5b47___ZG9jeA.docx, 內容類型: application/vnd.openxmlformats-officedocument.wordprocessingml.document
2025-03-24 03:51:32,974 - azure.core.pipeline.policies.http_logging_policy - INFO - Request URL: 'https://uatrdgrandholystorage.blob.core.windows.net/uploads/1/87ace27c-a463-4b3e-99a3-e21415cd5b47___ZG9jeA.docx'
Request method: 'HEAD'
Request headers:
    'x-ms-version': 'REDACTED'
    'Accept': 'application/xml'
    'User-Agent': 'azsdk-python-storage-blob/12.9.0 Python/3.8.20 (Linux-5.15.173.1-2.cm2-x86_64-with-glibc2.2.5)'
    'x-ms-date': 'REDACTED'
    'x-ms-client-request-id': '46b8341a-0863-11f0-8ee4-9e562a2ba51b'
    'Authorization': 'REDACTED'
No body was attached to the request
2025-03-24 03:51:33,074 - azure.core.pipeline.policies.http_logging_policy - INFO - Response status: 200
Response headers:
    'Content-Length': '9941'
    'Content-Type': 'application/vnd.openxmlformats-officedocument.wordprocessingml.document'
    'Content-MD5': 'REDACTED'
    'Last-Modified': 'Mon, 24 Mar 2025 03:51:21 GMT'
    'Accept-Ranges': 'REDACTED'
    'ETag': '"0x8DD6A8723FBECC5"'
    'Server': 'Windows-Azure-Blob/1.0 Microsoft-HTTPAPI/2.0'
    'x-ms-request-id': '794cf0eb-201e-002c-1970-9cc9cf000000'
    'x-ms-client-request-id': '46b8341a-0863-11f0-8ee4-9e562a2ba51b'
    'x-ms-version': 'REDACTED'
    'x-ms-creation-time': 'REDACTED'
    'x-ms-lease-status': 'REDACTED'
    'x-ms-lease-state': 'REDACTED'
    'x-ms-blob-type': 'REDACTED'
    'x-ms-server-encrypted': 'REDACTED'
    'x-ms-access-tier': 'REDACTED'
    'x-ms-access-tier-inferred': 'REDACTED'
    'Date': 'Mon, 24 Mar 2025 03:51:32 GMT'
2025-03-24 03:51:33,093 - azure.core.pipeline.policies.http_logging_policy - INFO - Request URL: 'https://uatrdgrandholystorage.blob.core.windows.net/uploads/1/87ace27c-a463-4b3e-99a3-e21415cd5b47___ZG9jeA.docx'
Request method: 'GET'
Request headers:
    'x-ms-range': 'REDACTED'
    'x-ms-version': 'REDACTED'
    'Accept': 'application/xml'
    'User-Agent': 'azsdk-python-storage-blob/12.9.0 Python/3.8.20 (Linux-5.15.173.1-2.cm2-x86_64-with-glibc2.2.5)'
    'x-ms-date': 'REDACTED'
    'x-ms-client-request-id': '46ca5424-0863-11f0-8ee4-9e562a2ba51b'
    'Authorization': 'REDACTED'
No body was attached to the request
2025-03-24 03:51:33,114 - azure.core.pipeline.policies.http_logging_policy - INFO - Response status: 206
Response headers:
    'Content-Length': '9941'
    'Content-Type': 'application/vnd.openxmlformats-officedocument.wordprocessingml.document'
    'Content-Range': 'REDACTED'
    'Last-Modified': 'Mon, 24 Mar 2025 03:51:21 GMT'
    'Accept-Ranges': 'REDACTED'
    'ETag': '"0x8DD6A8723FBECC5"'
    'Server': 'Windows-Azure-Blob/1.0 Microsoft-HTTPAPI/2.0'
    'x-ms-request-id': '794cf0fa-201e-002c-2670-9cc9cf000000'
    'x-ms-client-request-id': '46ca5424-0863-11f0-8ee4-9e562a2ba51b'
    'x-ms-version': 'REDACTED'
    'x-ms-creation-time': 'REDACTED'
    'x-ms-blob-content-md5': 'REDACTED'
    'x-ms-lease-status': 'REDACTED'
    'x-ms-lease-state': 'REDACTED'
    'x-ms-blob-type': 'REDACTED'
    'x-ms-server-encrypted': 'REDACTED'
    'Date': 'Mon, 24 Mar 2025 03:51:32 GMT'
2025-03-24 05:26:06,775 - date_cleaner - INFO - 初始化調度器
2025-03-24 05:26:06,845 - date_cleaner - INFO - 使用時區: Asia/Taipei, 當前時間: 2025-03-24T13:26:06.845195+08:00
2025-03-24 05:26:06,856 - apscheduler.scheduler - INFO - Adding job tentatively -- it will be properly scheduled when the scheduler starts
2025-03-24 05:26:06,976 - apscheduler.scheduler - INFO - Adding job tentatively -- it will be properly scheduled when the scheduler starts
2025-03-24 05:26:06,978 - apscheduler.scheduler - INFO - Added job "清理過期鎖定日期任務" to job store "default"
2025-03-24 05:26:06,979 - apscheduler.scheduler - INFO - Added job "初始清理過期鎖定日期任務" to job store "default"
2025-03-24 05:26:06,988 - apscheduler.scheduler - INFO - Scheduler started
2025-03-24 05:26:06,995 - date_cleaner - INFO - 調度器已成功啟動
2025-03-24 05:26:06,997 - date_cleaner - INFO - 已調度任務: initial_clean_job (初始清理過期鎖定日期任務), 下次執行時間: 2025-03-24 13:26:16
2025-03-24 05:26:06,998 - date_cleaner - INFO - 已調度任務: clean_expired_dates_job (清理過期鎖定日期任務), 下次執行時間: 2025-03-25 00:05:00
2025-03-24 05:26:16,864 - apscheduler.executors.default - INFO - Running job "初始清理過期鎖定日期任務 (trigger: date[2025-03-24 13:26:16 CST], next run at: 2025-03-24 13:26:16 CST)" (scheduled at 2025-03-24 13:26:16.858287+08:00)
2025-03-24 05:26:16,865 - date_cleaner - INFO - 開始執行過期日期清理任務
2025-03-24 05:26:16,864 - apscheduler.scheduler - INFO - Removed job initial_clean_job
2025-03-24 05:26:16,865 - date_cleaner - INFO - 當前日期: 2025-03-24
2025-03-24 05:26:16,886 - date_cleaner - INFO - 資料庫中的所有日期: ['2025-03-24', '2025-03-29']
2025-03-24 05:26:16,895 - date_cleaner - INFO - 已提交事務
2025-03-24 05:26:16,896 - date_cleaner - INFO - 沒有過期的鎖定日期需要清理
2025-03-24 05:26:16,905 - date_cleaner - INFO - 清理後資料庫中的日期: ['2025-03-24', '2025-03-29']
2025-03-24 05:26:16,913 - date_cleaner - INFO - 鎖定日期清理任務結束
2025-03-24 05:26:16,914 - apscheduler.executors.default - INFO - Job "初始清理過期鎖定日期任務 (trigger: date[2025-03-24 13:26:16 CST], next run at: 2025-03-24 13:26:16 CST)" executed successfully
2025-03-24 05:26:16,915 - date_cleaner - INFO - 任務 initial_clean_job 執行成功，清理了 0 個過期日期
2025-03-24 05:27:32,576 - date_cleaner - INFO - 初始化調度器
2025-03-24 05:27:32,706 - date_cleaner - INFO - 使用時區: Asia/Taipei, 當前時間: 2025-03-24T13:27:32.706472+08:00
2025-03-24 05:27:32,758 - apscheduler.scheduler - INFO - Adding job tentatively -- it will be properly scheduled when the scheduler starts
2025-03-24 05:27:33,100 - apscheduler.scheduler - INFO - Adding job tentatively -- it will be properly scheduled when the scheduler starts
2025-03-24 05:27:33,320 - apscheduler.scheduler - INFO - Added job "清理過期鎖定日期任務" to job store "default"
2025-03-24 05:27:33,321 - apscheduler.scheduler - INFO - Added job "初始清理過期鎖定日期任務" to job store "default"
2025-03-24 05:27:33,322 - apscheduler.scheduler - INFO - Scheduler started
2025-03-24 05:27:33,322 - date_cleaner - INFO - 調度器已成功啟動
2025-03-24 05:27:33,322 - date_cleaner - INFO - 已調度任務: initial_clean_job (初始清理過期鎖定日期任務), 下次執行時間: 2025-03-24 13:27:42
2025-03-24 05:27:33,322 - date_cleaner - INFO - 已調度任務: clean_expired_dates_job (清理過期鎖定日期任務), 下次執行時間: 2025-03-25 00:05:00
2025-03-24 05:27:42,759 - apscheduler.executors.default - INFO - Running job "初始清理過期鎖定日期任務 (trigger: date[2025-03-24 13:27:42 CST], next run at: 2025-03-24 13:27:42 CST)" (scheduled at 2025-03-24 13:27:42.758619+08:00)
2025-03-24 05:27:42,759 - date_cleaner - INFO - 開始執行過期日期清理任務
2025-03-24 05:27:42,759 - date_cleaner - INFO - 當前日期: 2025-03-24
2025-03-24 05:27:42,760 - apscheduler.scheduler - INFO - Removed job initial_clean_job
2025-03-24 05:27:42,764 - date_cleaner - INFO - 資料庫中的所有日期: ['2025-03-24', '2025-03-29']
2025-03-24 05:27:42,766 - date_cleaner - INFO - 已提交事務
2025-03-24 05:27:42,766 - date_cleaner - INFO - 沒有過期的鎖定日期需要清理
2025-03-24 05:27:42,775 - date_cleaner - INFO - 清理後資料庫中的日期: ['2025-03-24', '2025-03-29']
2025-03-24 05:27:42,776 - date_cleaner - INFO - 鎖定日期清理任務結束
2025-03-24 05:27:42,776 - apscheduler.executors.default - INFO - Job "初始清理過期鎖定日期任務 (trigger: date[2025-03-24 13:27:42 CST], next run at: 2025-03-24 13:27:42 CST)" executed successfully
2025-03-24 05:27:42,777 - date_cleaner - INFO - 任務 initial_clean_job 執行成功，清理了 0 個過期日期
2025-03-24 06:26:31,038 - linebot - INFO - No handler of UnfollowEvent and no default handler
2025-03-24 06:27:15,449 - linebot - INFO - No handler of FollowEvent and no default handler
2025-03-24 06:30:05,541 - linebot - INFO - No handler of LeaveEvent and no default handler
2025-03-24 06:32:54,484 - linebot - INFO - No handler of MessageEvent and no default handler
2025-03-24 06:40:01,849 - linebot - INFO - No handler of MemberLeftEvent and no default handler
2025-03-24 07:03:02,161 - linebot - INFO - No handler of UnsendEvent and no default handler
2025-03-24 07:23:14,783 - date_cleaner - INFO - 初始化調度器
2025-03-24 07:23:14,852 - date_cleaner - INFO - 使用時區: Asia/Taipei, 當前時間: 2025-03-24T15:23:14.852062+08:00
2025-03-24 07:23:14,863 - apscheduler.scheduler - INFO - Adding job tentatively -- it will be properly scheduled when the scheduler starts
2025-03-24 07:23:14,982 - apscheduler.scheduler - INFO - Adding job tentatively -- it will be properly scheduled when the scheduler starts
2025-03-24 07:23:14,985 - apscheduler.scheduler - INFO - Added job "清理過期鎖定日期任務" to job store "default"
2025-03-24 07:23:14,992 - apscheduler.scheduler - INFO - Added job "初始清理過期鎖定日期任務" to job store "default"
2025-03-24 07:23:14,993 - apscheduler.scheduler - INFO - Scheduler started
2025-03-24 07:23:14,994 - date_cleaner - INFO - 調度器已成功啟動
2025-03-24 07:23:14,994 - date_cleaner - INFO - 已調度任務: initial_clean_job (初始清理過期鎖定日期任務), 下次執行時間: 2025-03-24 15:23:24
2025-03-24 07:23:14,995 - date_cleaner - INFO - 已調度任務: clean_expired_dates_job (清理過期鎖定日期任務), 下次執行時間: 2025-03-25 00:05:00
2025-03-24 07:23:24,865 - apscheduler.executors.default - INFO - Running job "初始清理過期鎖定日期任務 (trigger: date[2025-03-24 15:23:24 CST], next run at: 2025-03-24 15:23:24 CST)" (scheduled at 2025-03-24 15:23:24.864429+08:00)
2025-03-24 07:23:24,866 - date_cleaner - INFO - 開始執行過期日期清理任務
2025-03-24 07:23:24,866 - date_cleaner - INFO - 當前日期: 2025-03-24
2025-03-24 07:23:24,865 - apscheduler.scheduler - INFO - Removed job initial_clean_job
2025-03-24 07:23:24,871 - date_cleaner - INFO - 資料庫中的所有日期: ['2025-03-24', '2025-03-29']
2025-03-24 07:23:24,880 - date_cleaner - INFO - 已提交事務
2025-03-24 07:23:24,880 - date_cleaner - INFO - 沒有過期的鎖定日期需要清理
2025-03-24 07:23:24,889 - date_cleaner - INFO - 清理後資料庫中的日期: ['2025-03-24', '2025-03-29']
2025-03-24 07:23:24,890 - date_cleaner - INFO - 鎖定日期清理任務結束
2025-03-24 07:23:24,890 - apscheduler.executors.default - INFO - Job "初始清理過期鎖定日期任務 (trigger: date[2025-03-24 15:23:24 CST], next run at: 2025-03-24 15:23:24 CST)" executed successfully
2025-03-24 07:23:24,890 - date_cleaner - INFO - 任務 initial_clean_job 執行成功，清理了 0 個過期日期
2025-03-24 07:36:20,121 - date_cleaner - INFO - 初始化調度器
2025-03-24 07:36:20,231 - date_cleaner - INFO - 使用時區: Asia/Taipei, 當前時間: 2025-03-24T15:36:20.231540+08:00
2025-03-24 07:36:20,250 - apscheduler.scheduler - INFO - Adding job tentatively -- it will be properly scheduled when the scheduler starts
2025-03-24 07:36:20,371 - apscheduler.scheduler - INFO - Adding job tentatively -- it will be properly scheduled when the scheduler starts
2025-03-24 07:36:20,374 - apscheduler.scheduler - INFO - Added job "清理過期鎖定日期任務" to job store "default"
2025-03-24 07:36:20,382 - apscheduler.scheduler - INFO - Added job "初始清理過期鎖定日期任務" to job store "default"
2025-03-24 07:36:20,383 - apscheduler.scheduler - INFO - Scheduler started
2025-03-24 07:36:20,384 - date_cleaner - INFO - 調度器已成功啟動
2025-03-24 07:36:20,391 - date_cleaner - INFO - 已調度任務: initial_clean_job (初始清理過期鎖定日期任務), 下次執行時間: 2025-03-24 15:36:30
2025-03-24 07:36:20,391 - date_cleaner - INFO - 已調度任務: clean_expired_dates_job (清理過期鎖定日期任務), 下次執行時間: 2025-03-25 00:05:00
2025-03-24 07:36:30,252 - apscheduler.executors.default - INFO - Running job "初始清理過期鎖定日期任務 (trigger: date[2025-03-24 15:36:30 CST], next run at: 2025-03-24 15:36:30 CST)" (scheduled at 2025-03-24 15:36:30.252110+08:00)
2025-03-24 07:36:30,253 - apscheduler.scheduler - INFO - Removed job initial_clean_job
2025-03-24 07:36:30,253 - date_cleaner - INFO - 開始執行過期日期清理任務
2025-03-24 07:36:30,255 - date_cleaner - INFO - 當前日期: 2025-03-24
2025-03-24 07:36:30,265 - date_cleaner - INFO - 資料庫中的所有日期: ['2025-03-24', '2025-03-29']
2025-03-24 07:36:30,269 - date_cleaner - INFO - 已提交事務
2025-03-24 07:36:30,270 - date_cleaner - INFO - 沒有過期的鎖定日期需要清理
2025-03-24 07:36:30,276 - date_cleaner - INFO - 清理後資料庫中的日期: ['2025-03-24', '2025-03-29']
2025-03-24 07:36:30,277 - date_cleaner - INFO - 鎖定日期清理任務結束
2025-03-24 07:36:30,278 - apscheduler.executors.default - INFO - Job "初始清理過期鎖定日期任務 (trigger: date[2025-03-24 15:36:30 CST], next run at: 2025-03-24 15:36:30 CST)" executed successfully
2025-03-24 07:36:30,284 - date_cleaner - INFO - 任務 initial_clean_job 執行成功，清理了 0 個過期日期
2025-03-25 00:05:00,185 - apscheduler.executors.default - INFO - Running job "清理過期鎖定日期任務 (trigger: cron[hour='0', minute='5'], next run at: 2025-03-26 00:05:00 UTC)" (scheduled at 2025-03-25 00:05:00+00:00)
2025-03-25 00:05:00,230 - date_cleaner - INFO - 開始執行過期日期清理任務
2025-03-25 00:05:00,232 - date_cleaner - INFO - 當前日期: 2025-03-25
2025-03-25 00:05:00,285 - date_cleaner - ERROR - 清理過期日期時發生錯誤: connection already closed
2025-03-25 00:05:00,286 - date_cleaner - ERROR - 詳細錯誤信息
Traceback (most recent call last):
  File "/home/site/wwwroot/backend/config/database.py", line 21, in get_db_connection
    yield conn
  File "/home/site/wwwroot/backend/utils/scheduler.py", line 36, in clean_expired_dates
    cursor.execute("SELECT id, locked_date FROM locked_dates ORDER BY locked_date")
psycopg2.errors.AdminShutdown: terminating connection due to administrator command
SSL connection has been closed unexpectedly


During handling of the above exception, another exception occurred:

Traceback (most recent call last):
  File "/home/site/wwwroot/backend/utils/scheduler.py", line 68, in clean_expired_dates
    return deleted_count
  File "/opt/python/3.8.20/lib/python3.8/contextlib.py", line 131, in __exit__
    self.gen.throw(type, value, traceback)
  File "/home/site/wwwroot/backend/config/database.py", line 25, in get_db_connection
    conn.rollback()
psycopg2.InterfaceError: connection already closed
2025-03-25 00:05:00,414 - date_cleaner - INFO - 鎖定日期清理任務結束
2025-03-25 00:05:00,416 - apscheduler.executors.default - ERROR - Job "清理過期鎖定日期任務 (trigger: cron[hour='0', minute='5'], next run at: 2025-03-26 00:05:00 UTC)" raised an exception
Traceback (most recent call last):
  File "/home/site/wwwroot/backend/config/database.py", line 21, in get_db_connection
    yield conn
  File "/home/site/wwwroot/backend/utils/scheduler.py", line 36, in clean_expired_dates
    cursor.execute("SELECT id, locked_date FROM locked_dates ORDER BY locked_date")
psycopg2.errors.AdminShutdown: terminating connection due to administrator command
SSL connection has been closed unexpectedly


During handling of the above exception, another exception occurred:

Traceback (most recent call last):
  File "/opt/python/3.8.20/lib/python3.8/site-packages/apscheduler/executors/base.py", line 125, in run_job
    retval = job.func(*job.args, **job.kwargs)
  File "/home/site/wwwroot/backend/utils/scheduler.py", line 68, in clean_expired_dates
    return deleted_count
  File "/opt/python/3.8.20/lib/python3.8/contextlib.py", line 131, in __exit__
    self.gen.throw(type, value, traceback)
  File "/home/site/wwwroot/backend/config/database.py", line 25, in get_db_connection
    conn.rollback()
psycopg2.InterfaceError: connection already closed
2025-03-25 00:05:00,426 - date_cleaner - ERROR - 任務執行失敗: connection already closed
2025-03-25 00:56:36,564 - date_cleaner - INFO - 初始化調度器
2025-03-25 00:56:36,636 - date_cleaner - INFO - 使用時區: Asia/Taipei, 當前時間: 2025-03-25T08:56:36.636491+08:00
2025-03-25 00:56:36,654 - apscheduler.scheduler - INFO - Adding job tentatively -- it will be properly scheduled when the scheduler starts
2025-03-25 00:56:36,825 - apscheduler.scheduler - INFO - Adding job tentatively -- it will be properly scheduled when the scheduler starts
2025-03-25 00:56:36,836 - apscheduler.scheduler - INFO - Added job "清理過期鎖定日期任務" to job store "default"
2025-03-25 00:56:36,837 - apscheduler.scheduler - INFO - Added job "初始清理過期鎖定日期任務" to job store "default"
2025-03-25 00:56:36,846 - apscheduler.scheduler - INFO - Scheduler started
2025-03-25 00:56:36,847 - date_cleaner - INFO - 調度器已成功啟動
2025-03-25 00:56:36,855 - date_cleaner - INFO - 已調度任務: initial_clean_job (初始清理過期鎖定日期任務), 下次執行時間: 2025-03-25 08:56:46
2025-03-25 00:56:36,856 - date_cleaner - INFO - 已調度任務: clean_expired_dates_job (清理過期鎖定日期任務), 下次執行時間: 2025-03-26 00:05:00
2025-03-25 00:56:46,656 - apscheduler.executors.default - INFO - Running job "初始清理過期鎖定日期任務 (trigger: date[2025-03-25 08:56:46 CST], next run at: 2025-03-25 08:56:46 CST)" (scheduled at 2025-03-25 08:56:46.655584+08:00)
2025-03-25 00:56:46,656 - apscheduler.scheduler - INFO - Removed job initial_clean_job
2025-03-25 00:56:46,657 - date_cleaner - INFO - 開始執行過期日期清理任務
2025-03-25 00:56:46,666 - date_cleaner - INFO - 當前日期: 2025-03-25
2025-03-25 00:56:46,685 - date_cleaner - INFO - 資料庫中的所有日期: ['2025-03-24', '2025-03-29']
2025-03-25 00:56:46,697 - date_cleaner - INFO - 已提交事務
2025-03-25 00:56:46,705 - date_cleaner - INFO - 已刪除 1 個過期鎖定日期
2025-03-25 00:56:46,706 - date_cleaner - INFO - 已刪除的日期: 2025-03-24
2025-03-25 00:56:46,707 - date_cleaner - INFO - 已刪除的ID: 5
2025-03-25 00:56:46,717 - date_cleaner - INFO - 清理後資料庫中的日期: ['2025-03-29']
2025-03-25 00:56:46,718 - date_cleaner - INFO - 鎖定日期清理任務結束
2025-03-25 00:56:46,718 - apscheduler.executors.default - INFO - Job "初始清理過期鎖定日期任務 (trigger: date[2025-03-25 08:56:46 CST], next run at: 2025-03-25 08:56:46 CST)" executed successfully
2025-03-25 00:56:46,719 - date_cleaner - INFO - 任務 initial_clean_job 執行成功，清理了 1 個過期日期
2025-03-25 01:02:09,452 - azure.core.pipeline.policies.http_logging_policy - INFO - Request URL: 'https://uatrdgrandholystorage.blob.core.windows.net/uploads?restype=REDACTED&comp=REDACTED&prefix=REDACTED'
Request method: 'GET'
Request headers:
    'x-ms-version': 'REDACTED'
    'Accept': 'application/xml'
    'User-Agent': 'azsdk-python-storage-blob/12.9.0 Python/3.8.20 (Linux-5.15.173.1-2.cm2-x86_64-with-glibc2.2.5)'
    'x-ms-date': 'REDACTED'
    'x-ms-client-request-id': 'c730be6c-0914-11f0-9547-e65e3f35b6d8'
    'Authorization': 'REDACTED'
No body was attached to the request
2025-03-25 01:02:09,643 - azure.core.pipeline.policies.http_logging_policy - INFO - Response status: 200
Response headers:
    'Transfer-Encoding': 'chunked'
    'Content-Type': 'application/xml'
    'Server': 'Windows-Azure-Blob/1.0 Microsoft-HTTPAPI/2.0'
    'x-ms-request-id': 'a9c3d462-f01e-004d-7b21-9dea8c000000'
    'x-ms-client-request-id': 'c730be6c-0914-11f0-9547-e65e3f35b6d8'
    'x-ms-version': 'REDACTED'
    'Date': 'Tue, 25 Mar 2025 01:02:08 GMT'
2025-03-25 01:02:09,664 - root - INFO - 使用直接提供的blob路徑: 1/ae46a07b-1b1d-4142-86bb-27e7d1e557cd___cG5n.png
2025-03-25 01:02:09,673 - azure.core.pipeline.policies.http_logging_policy - INFO - Request URL: 'https://uatrdgrandholystorage.blob.core.windows.net/uploads/1/ae46a07b-1b1d-4142-86bb-27e7d1e557cd___cG5n.png'
Request method: 'HEAD'
Request headers:
    'x-ms-version': 'REDACTED'
    'Accept': 'application/xml'
    'User-Agent': 'azsdk-python-storage-blob/12.9.0 Python/3.8.20 (Linux-5.15.173.1-2.cm2-x86_64-with-glibc2.2.5)'
    'x-ms-date': 'REDACTED'
    'x-ms-client-request-id': 'c7553062-0914-11f0-9547-e65e3f35b6d8'
    'Authorization': 'REDACTED'
No body was attached to the request
2025-03-25 01:02:09,744 - azure.core.pipeline.policies.http_logging_policy - INFO - Response status: 200
Response headers:
    'Content-Length': '2265890'
    'Content-Type': 'image/png'
    'Content-MD5': 'REDACTED'
    'Last-Modified': 'Mon, 24 Mar 2025 03:51:20 GMT'
    'Accept-Ranges': 'REDACTED'
    'ETag': '"0x8DD6A87238FF4BF"'
    'Server': 'Windows-Azure-Blob/1.0 Microsoft-HTTPAPI/2.0'
    'x-ms-request-id': '97c0ed6e-c01e-0024-1f21-9dd3c0000000'
    'x-ms-client-request-id': 'c7553062-0914-11f0-9547-e65e3f35b6d8'
    'x-ms-version': 'REDACTED'
    'x-ms-creation-time': 'REDACTED'
    'x-ms-lease-status': 'REDACTED'
    'x-ms-lease-state': 'REDACTED'
    'x-ms-blob-type': 'REDACTED'
    'x-ms-server-encrypted': 'REDACTED'
    'x-ms-access-tier': 'REDACTED'
    'x-ms-access-tier-inferred': 'REDACTED'
    'Date': 'Tue, 25 Mar 2025 01:02:09 GMT'
2025-03-25 01:02:09,765 - azure.core.pipeline.policies.http_logging_policy - INFO - Request URL: 'https://uatrdgrandholystorage.blob.core.windows.net/uploads/1/ae46a07b-1b1d-4142-86bb-27e7d1e557cd___cG5n.png'
Request method: 'DELETE'
Request headers:
    'x-ms-version': 'REDACTED'
    'Accept': 'application/xml'
    'User-Agent': 'azsdk-python-storage-blob/12.9.0 Python/3.8.20 (Linux-5.15.173.1-2.cm2-x86_64-with-glibc2.2.5)'
    'x-ms-date': 'REDACTED'
    'x-ms-client-request-id': 'c763318a-0914-11f0-9547-e65e3f35b6d8'
    'Authorization': 'REDACTED'
No body was attached to the request
2025-03-25 01:02:09,785 - azure.core.pipeline.policies.http_logging_policy - INFO - Response status: 202
Response headers:
    'Content-Length': '0'
    'Server': 'Windows-Azure-Blob/1.0 Microsoft-HTTPAPI/2.0'
    'x-ms-request-id': '97c0ed8d-c01e-0024-3921-9dd3c0000000'
    'x-ms-client-request-id': 'c763318a-0914-11f0-9547-e65e3f35b6d8'
    'x-ms-version': 'REDACTED'
    'x-ms-delete-type-permanent': 'REDACTED'
    'Date': 'Tue, 25 Mar 2025 01:02:09 GMT'
2025-03-25 01:02:09,785 - root - INFO - 成功刪除blob: 1/ae46a07b-1b1d-4142-86bb-27e7d1e557cd___cG5n.png
2025-03-25 01:02:09,803 - azure.core.pipeline.policies.http_logging_policy - INFO - Request URL: 'https://uatrdgrandholystorage.blob.core.windows.net/uploads?restype=REDACTED'
Request method: 'GET'
Request headers:
    'x-ms-version': 'REDACTED'
    'Accept': 'application/xml'
    'User-Agent': 'azsdk-python-storage-blob/12.9.0 Python/3.8.20 (Linux-5.15.173.1-2.cm2-x86_64-with-glibc2.2.5)'
    'x-ms-date': 'REDACTED'
    'x-ms-client-request-id': 'c76800ac-0914-11f0-9547-e65e3f35b6d8'
    'Authorization': 'REDACTED'
No body was attached to the request
2025-03-25 01:02:09,934 - azure.core.pipeline.policies.http_logging_policy - INFO - Response status: 200
Response headers:
    'Content-Length': '0'
    'Last-Modified': 'Tue, 18 Mar 2025 07:51:30 GMT'
    'ETag': '"0x8DD65F1B22B7684"'
    'Server': 'Windows-Azure-Blob/1.0 Microsoft-HTTPAPI/2.0'
    'x-ms-request-id': '6f0d8edc-d01e-0038-1321-9d81a0000000'
    'x-ms-client-request-id': 'c76800ac-0914-11f0-9547-e65e3f35b6d8'
    'x-ms-version': 'REDACTED'
    'x-ms-lease-status': 'REDACTED'
    'x-ms-lease-state': 'REDACTED'
    'x-ms-has-immutability-policy': 'REDACTED'
    'x-ms-has-legal-hold': 'REDACTED'
    'x-ms-immutable-storage-with-versioning-enabled': 'REDACTED'
    'x-ms-blob-public-access': 'REDACTED'
    'x-ms-default-encryption-scope': 'REDACTED'
    'x-ms-deny-encryption-scope-override': 'REDACTED'
    'Date': 'Tue, 25 Mar 2025 01:02:09 GMT'
2025-03-25 01:02:09,944 - root - INFO - 上傳文件: 333c018d-504f-4c79-8e2a-7f160d8ee5e0___cG5n, 內容類型: image/png
2025-03-25 01:02:09,945 - root - INFO - 已添加副檔名: 333c018d-504f-4c79-8e2a-7f160d8ee5e0___cG5n.png
2025-03-25 01:02:10,004 - azure.core.pipeline.policies.http_logging_policy - INFO - Request URL: 'https://uatrdgrandholystorage.blob.core.windows.net/uploads/1/333c018d-504f-4c79-8e2a-7f160d8ee5e0___cG5n.png'
Request method: 'PUT'
Request headers:
    'x-ms-blob-type': 'REDACTED'
    'Content-Length': '2265890'
    'x-ms-version': 'REDACTED'
    'Content-Type': 'image/png'
    'Accept': 'application/xml'
    'User-Agent': 'azsdk-python-storage-blob/12.9.0 Python/3.8.20 (Linux-5.15.173.1-2.cm2-x86_64-with-glibc2.2.5)'
    'x-ms-date': 'REDACTED'
    'x-ms-client-request-id': 'c787c810-0914-11f0-9547-e65e3f35b6d8'
    'Authorization': 'REDACTED'
A body is sent with the request
2025-03-25 01:02:10,147 - azure.core.pipeline.policies.http_logging_policy - INFO - Response status: 201
Response headers:
    'Content-Length': '0'
    'Content-MD5': 'REDACTED'
    'Last-Modified': 'Tue, 25 Mar 2025 01:02:10 GMT'
    'ETag': '"0x8DD6B38ABD07067"'
    'Server': 'Windows-Azure-Blob/1.0 Microsoft-HTTPAPI/2.0'
    'x-ms-request-id': 'd023b16c-a01e-0040-4e21-9d2258000000'
    'x-ms-client-request-id': 'c787c810-0914-11f0-9547-e65e3f35b6d8'
    'x-ms-version': 'REDACTED'
    'x-ms-content-crc64': 'REDACTED'
    'x-ms-request-server-encrypted': 'REDACTED'
    'Date': 'Tue, 25 Mar 2025 01:02:09 GMT'
2025-03-25 01:02:10,149 - root - INFO - 文件已上傳到Azure Blob，路徑: 1/333c018d-504f-4c79-8e2a-7f160d8ee5e0___cG5n.png, 內容類型: image/png
2025-03-25 01:02:10,219 - root - INFO - 從URL提取的blob路徑: 1/9e2abcc5-86ef-4006-a373-cd1f4e298bc2___cG5n.png
2025-03-25 01:02:10,220 - azure.core.pipeline.policies.http_logging_policy - INFO - Request URL: 'https://uatrdgrandholystorage.blob.core.windows.net/uploads/1/9e2abcc5-86ef-4006-a373-cd1f4e298bc2___cG5n.png'
Request method: 'HEAD'
Request headers:
    'x-ms-version': 'REDACTED'
    'Accept': 'application/xml'
    'User-Agent': 'azsdk-python-storage-blob/12.9.0 Python/3.8.20 (Linux-5.15.173.1-2.cm2-x86_64-with-glibc2.2.5)'
    'x-ms-date': 'REDACTED'
    'x-ms-client-request-id': 'c7a8b818-0914-11f0-9547-e65e3f35b6d8'
    'Authorization': 'REDACTED'
No body was attached to the request
2025-03-25 01:02:10,299 - azure.core.pipeline.policies.http_logging_policy - INFO - Response status: 404
Response headers:
    'Transfer-Encoding': 'chunked'
    'Server': 'Windows-Azure-Blob/1.0 Microsoft-HTTPAPI/2.0'
    'x-ms-request-id': 'a7616827-e01e-000c-6721-9db268000000'
    'x-ms-client-request-id': 'c7a8b818-0914-11f0-9547-e65e3f35b6d8'
    'x-ms-version': 'REDACTED'
    'x-ms-is-soft-deleted': 'REDACTED'
    'x-ms-error-code': 'BlobNotFound'
    'Date': 'Tue, 25 Mar 2025 01:02:10 GMT'
2025-03-25 01:02:10,310 - root - WARNING - 要刪除的blob不存在: https://uatrdgrandholystorage.blob.core.windows.net/uploads/1/9e2abcc5-86ef-4006-a373-cd1f4e298bc2___cG5n.png
2025-03-25 09:11:28,802 - date_cleaner - INFO - 初始化調度器
2025-03-25 09:11:28,925 - date_cleaner - INFO - 使用時區: Asia/Taipei, 當前時間: 2025-03-25T09:11:28.925786+08:00
2025-03-25 09:11:28,934 - apscheduler.scheduler - INFO - Adding job tentatively -- it will be properly scheduled when the scheduler starts
2025-03-25 09:11:29,164 - apscheduler.scheduler - INFO - Adding job tentatively -- it will be properly scheduled when the scheduler starts
2025-03-25 09:11:29,176 - apscheduler.scheduler - INFO - Added job "清理過期鎖定日期任務" to job store "default"
2025-03-25 09:11:29,176 - apscheduler.scheduler - INFO - Added job "初始清理過期鎖定日期任務" to job store "default"
2025-03-25 09:11:29,177 - apscheduler.scheduler - INFO - Scheduler started
2025-03-25 09:11:29,185 - date_cleaner - INFO - 調度器已成功啟動
2025-03-25 09:11:29,186 - date_cleaner - INFO - 已調度任務: initial_clean_job (初始清理過期鎖定日期任務), 下次執行時間: 2025-03-25 09:11:38
2025-03-25 09:11:29,186 - date_cleaner - INFO - 已調度任務: clean_expired_dates_job (清理過期鎖定日期任務), 下次執行時間: 2025-03-26 00:05:00
2025-03-25 09:12:53,125 - date_cleaner - INFO - 初始化調度器
2025-03-25 09:12:53,187 - date_cleaner - INFO - 使用時區: Asia/Taipei, 當前時間: 2025-03-25T09:12:53.187309+08:00
2025-03-25 09:12:53,195 - apscheduler.scheduler - INFO - Adding job tentatively -- it will be properly scheduled when the scheduler starts
2025-03-25 09:12:53,346 - apscheduler.scheduler - INFO - Adding job tentatively -- it will be properly scheduled when the scheduler starts
2025-03-25 09:12:53,355 - apscheduler.scheduler - INFO - Added job "清理過期鎖定日期任務" to job store "default"
2025-03-25 09:12:53,356 - apscheduler.scheduler - INFO - Added job "初始清理過期鎖定日期任務" to job store "default"
2025-03-25 09:12:53,356 - apscheduler.scheduler - INFO - Scheduler started
2025-03-25 09:12:53,357 - date_cleaner - INFO - 調度器已成功啟動
2025-03-25 09:12:53,358 - date_cleaner - INFO - 已調度任務: initial_clean_job (初始清理過期鎖定日期任務), 下次執行時間: 2025-03-25 09:13:03
2025-03-25 09:12:53,367 - date_cleaner - INFO - 已調度任務: clean_expired_dates_job (清理過期鎖定日期任務), 下次執行時間: 2025-03-26 00:05:00
2025-03-25 09:13:03,196 - apscheduler.executors.default - INFO - Running job "初始清理過期鎖定日期任務 (trigger: date[2025-03-25 09:13:03 CST], next run at: 2025-03-25 09:13:03 CST)" (scheduled at 2025-03-25 09:13:03.195880+08:00)
2025-03-25 09:13:03,196 - apscheduler.scheduler - INFO - Removed job initial_clean_job
2025-03-25 09:13:03,197 - date_cleaner - INFO - 開始執行過期日期清理任務
2025-03-25 09:13:03,201 - date_cleaner - INFO - 當前日期: 2025-03-25
2025-03-25 09:13:03,205 - date_cleaner - INFO - 資料庫中的所有日期: ['2025-03-29']
2025-03-25 09:13:03,214 - date_cleaner - INFO - 已提交事務
2025-03-25 09:13:03,214 - date_cleaner - INFO - 沒有過期的鎖定日期需要清理
2025-03-25 09:13:03,219 - date_cleaner - INFO - 清理後資料庫中的日期: ['2025-03-29']
2025-03-25 09:13:03,221 - date_cleaner - INFO - 鎖定日期清理任務結束
2025-03-25 09:13:03,222 - apscheduler.executors.default - INFO - Job "初始清理過期鎖定日期任務 (trigger: date[2025-03-25 09:13:03 CST], next run at: 2025-03-25 09:13:03 CST)" executed successfully
2025-03-25 09:13:03,229 - date_cleaner - INFO - 任務 initial_clean_job 執行成功，清理了 0 個過期日期
2025-03-25 09:31:05,886 - date_cleaner - INFO - 初始化調度器
2025-03-25 09:31:06,056 - date_cleaner - INFO - 使用時區: Asia/Taipei, 當前時間: 2025-03-25T09:31:06.056207+08:00
2025-03-25 09:31:06,057 - apscheduler.scheduler - INFO - Adding job tentatively -- it will be properly scheduled when the scheduler starts
2025-03-25 09:31:06,339 - apscheduler.scheduler - INFO - Adding job tentatively -- it will be properly scheduled when the scheduler starts
2025-03-25 09:31:06,349 - apscheduler.scheduler - INFO - Added job "清理過期鎖定日期任務" to job store "default"
2025-03-25 09:31:06,350 - apscheduler.scheduler - INFO - Added job "初始清理過期鎖定日期任務" to job store "default"
2025-03-25 09:31:06,359 - apscheduler.scheduler - INFO - Scheduler started
2025-03-25 09:31:06,368 - date_cleaner - INFO - 調度器已成功啟動
2025-03-25 09:31:06,369 - date_cleaner - INFO - 已調度任務: initial_clean_job (初始清理過期鎖定日期任務), 下次執行時間: 2025-03-25 09:31:16
2025-03-25 09:31:06,370 - date_cleaner - INFO - 已調度任務: clean_expired_dates_job (清理過期鎖定日期任務), 下次執行時間: 2025-03-26 00:05:00
2025-03-25 09:31:16,059 - apscheduler.executors.default - INFO - Running job "初始清理過期鎖定日期任務 (trigger: date[2025-03-25 09:31:16 CST], next run at: 2025-03-25 09:31:16 CST)" (scheduled at 2025-03-25 09:31:16.058310+08:00)
2025-03-25 09:31:16,059 - apscheduler.scheduler - INFO - Removed job initial_clean_job
2025-03-25 09:31:16,060 - date_cleaner - INFO - 開始執行過期日期清理任務
2025-03-25 09:31:16,061 - date_cleaner - INFO - 當前日期: 2025-03-25
2025-03-25 09:31:16,077 - date_cleaner - INFO - 資料庫中的所有日期: ['2025-03-29']
2025-03-25 09:31:16,082 - date_cleaner - INFO - 已提交事務
2025-03-25 09:31:16,083 - date_cleaner - INFO - 沒有過期的鎖定日期需要清理
2025-03-25 09:31:16,087 - date_cleaner - INFO - 清理後資料庫中的日期: ['2025-03-29']
2025-03-25 09:31:16,088 - date_cleaner - INFO - 鎖定日期清理任務結束
2025-03-25 09:31:16,089 - apscheduler.executors.default - INFO - Job "初始清理過期鎖定日期任務 (trigger: date[2025-03-25 09:31:16 CST], next run at: 2025-03-25 09:31:16 CST)" executed successfully
2025-03-25 09:31:16,091 - date_cleaner - INFO - 任務 initial_clean_job 執行成功，清理了 0 個過期日期
2025-03-25 10:08:13,002 - date_cleaner - INFO - 初始化調度器
2025-03-25 10:08:13,071 - date_cleaner - INFO - 使用時區: Asia/Taipei, 當前時間: 2025-03-25T10:08:13.071456+08:00
2025-03-25 10:08:13,073 - apscheduler.scheduler - INFO - Adding job tentatively -- it will be properly scheduled when the scheduler starts
2025-03-25 10:08:13,203 - apscheduler.scheduler - INFO - Adding job tentatively -- it will be properly scheduled when the scheduler starts
2025-03-25 10:08:13,212 - apscheduler.scheduler - INFO - Added job "清理過期鎖定日期任務" to job store "default"
2025-03-25 10:08:13,215 - apscheduler.scheduler - INFO - Added job "初始清理過期鎖定日期任務" to job store "default"
2025-03-25 10:08:13,221 - apscheduler.scheduler - INFO - Scheduler started
2025-03-25 10:08:13,224 - date_cleaner - INFO - 調度器已成功啟動
2025-03-25 10:08:13,234 - date_cleaner - INFO - 已調度任務: initial_clean_job (初始清理過期鎖定日期任務), 下次執行時間: 2025-03-25 10:08:23
2025-03-25 10:08:13,241 - date_cleaner - INFO - 已調度任務: clean_expired_dates_job (清理過期鎖定日期任務), 下次執行時間: 2025-03-26 00:05:00
2025-03-25 10:08:23,084 - apscheduler.executors.default - INFO - Running job "初始清理過期鎖定日期任務 (trigger: date[2025-03-25 10:08:23 CST], next run at: 2025-03-25 10:08:23 CST)" (scheduled at 2025-03-25 10:08:23.080793+08:00)
2025-03-25 10:08:23,085 - apscheduler.scheduler - INFO - Removed job initial_clean_job
2025-03-25 10:08:23,115 - date_cleaner - INFO - 開始執行過期日期清理任務
2025-03-25 10:08:23,124 - date_cleaner - INFO - 當前日期: 2025-03-25
2025-03-25 10:08:23,153 - date_cleaner - INFO - 資料庫中的所有日期: ['2025-03-29']
2025-03-25 10:08:23,163 - date_cleaner - INFO - 已提交事務
2025-03-25 10:08:23,163 - date_cleaner - INFO - 沒有過期的鎖定日期需要清理
2025-03-25 10:08:23,175 - date_cleaner - INFO - 清理後資料庫中的日期: ['2025-03-29']
2025-03-25 10:08:23,196 - date_cleaner - INFO - 鎖定日期清理任務結束
2025-03-25 10:08:23,196 - apscheduler.executors.default - INFO - Job "初始清理過期鎖定日期任務 (trigger: date[2025-03-25 10:08:23 CST], next run at: 2025-03-25 10:08:23 CST)" executed successfully
2025-03-25 10:08:23,255 - date_cleaner - INFO - 任務 initial_clean_job 執行成功，清理了 0 個過期日期
2025-03-25 10:11:56,392 - date_cleaner - INFO - 初始化調度器
2025-03-25 10:11:56,510 - date_cleaner - INFO - 使用時區: Asia/Taipei, 當前時間: 2025-03-25T10:11:56.504041+08:00
2025-03-25 10:11:56,512 - apscheduler.scheduler - INFO - Adding job tentatively -- it will be properly scheduled when the scheduler starts
2025-03-25 10:11:56,875 - apscheduler.scheduler - INFO - Adding job tentatively -- it will be properly scheduled when the scheduler starts
2025-03-25 10:11:56,923 - apscheduler.scheduler - INFO - Added job "清理過期鎖定日期任務" to job store "default"
2025-03-25 10:11:56,925 - apscheduler.scheduler - INFO - Added job "初始清理過期鎖定日期任務" to job store "default"
2025-03-25 10:11:56,926 - apscheduler.scheduler - INFO - Scheduler started
2025-03-25 10:11:56,944 - date_cleaner - INFO - 調度器已成功啟動
2025-03-25 10:11:56,946 - date_cleaner - INFO - 已調度任務: initial_clean_job (初始清理過期鎖定日期任務), 下次執行時間: 2025-03-25 10:12:06
2025-03-25 10:11:56,953 - date_cleaner - INFO - 已調度任務: clean_expired_dates_job (清理過期鎖定日期任務), 下次執行時間: 2025-03-26 00:05:00
2025-03-25 10:13:19,492 - date_cleaner - INFO - 初始化調度器
2025-03-25 10:13:19,591 - date_cleaner - INFO - 使用時區: Asia/Taipei, 當前時間: 2025-03-25T10:13:19.591326+08:00
2025-03-25 10:13:19,601 - apscheduler.scheduler - INFO - Adding job tentatively -- it will be properly scheduled when the scheduler starts
2025-03-25 10:13:19,742 - apscheduler.scheduler - INFO - Adding job tentatively -- it will be properly scheduled when the scheduler starts
2025-03-25 10:13:19,751 - apscheduler.scheduler - INFO - Added job "清理過期鎖定日期任務" to job store "default"
2025-03-25 10:13:19,752 - apscheduler.scheduler - INFO - Added job "初始清理過期鎖定日期任務" to job store "default"
2025-03-25 10:13:19,753 - apscheduler.scheduler - INFO - Scheduler started
2025-03-25 10:13:19,753 - date_cleaner - INFO - 調度器已成功啟動
2025-03-25 10:13:19,762 - date_cleaner - INFO - 已調度任務: initial_clean_job (初始清理過期鎖定日期任務), 下次執行時間: 2025-03-25 10:13:29
2025-03-25 10:13:19,762 - date_cleaner - INFO - 已調度任務: clean_expired_dates_job (清理過期鎖定日期任務), 下次執行時間: 2025-03-26 00:05:00
2025-03-25 10:13:29,640 - apscheduler.executors.default - INFO - Running job "初始清理過期鎖定日期任務 (trigger: date[2025-03-25 10:13:29 CST], next run at: 2025-03-25 10:13:29 CST)" (scheduled at 2025-03-25 10:13:29.602427+08:00)
2025-03-25 10:13:29,652 - date_cleaner - INFO - 開始執行過期日期清理任務
2025-03-25 10:13:29,641 - apscheduler.scheduler - INFO - Removed job initial_clean_job
2025-03-25 10:13:29,660 - date_cleaner - INFO - 當前日期: 2025-03-25
2025-03-25 10:13:29,733 - date_cleaner - INFO - 資料庫中的所有日期: ['2025-03-29']
2025-03-25 10:13:29,750 - date_cleaner - INFO - 已提交事務
2025-03-25 10:13:29,751 - date_cleaner - INFO - 沒有過期的鎖定日期需要清理
2025-03-25 10:13:29,762 - date_cleaner - INFO - 清理後資料庫中的日期: ['2025-03-29']
2025-03-25 10:13:29,793 - date_cleaner - INFO - 鎖定日期清理任務結束
2025-03-25 10:13:29,800 - apscheduler.executors.default - INFO - Job "初始清理過期鎖定日期任務 (trigger: date[2025-03-25 10:13:29 CST], next run at: 2025-03-25 10:13:29 CST)" executed successfully
2025-03-25 10:13:29,803 - date_cleaner - INFO - 任務 initial_clean_job 執行成功，清理了 0 個過期日期
2025-03-25 11:58:20,400 - azure.core.pipeline.policies.http_logging_policy - INFO - Request URL: 'https://uatrdgrandholystorage.blob.core.windows.net/uploads/1/87ace27c-a463-4b3e-99a3-e21415cd5b47___ZG9jeA.docx'
Request method: 'HEAD'
Request headers:
    'x-ms-version': 'REDACTED'
    'Accept': 'application/xml'
    'User-Agent': 'azsdk-python-storage-blob/12.9.0 Python/3.8.20 (Linux-5.15.173.1-2.cm2-x86_64-with-glibc2.2.5)'
    'x-ms-date': 'REDACTED'
    'x-ms-client-request-id': '63f7daec-092d-11f0-8ff5-3a4c182f0ef9'
    'Authorization': 'REDACTED'
No body was attached to the request
2025-03-25 11:58:20,818 - azure.core.pipeline.policies.http_logging_policy - INFO - Response status: 200
Response headers:
    'Content-Length': '9941'
    'Content-Type': 'application/vnd.openxmlformats-officedocument.wordprocessingml.document'
    'Content-MD5': 'REDACTED'
    'Last-Modified': 'Mon, 24 Mar 2025 03:51:21 GMT'
    'Accept-Ranges': 'REDACTED'
    'ETag': '"0x8DD6A8723FBECC5"'
    'Server': 'Windows-Azure-Blob/1.0 Microsoft-HTTPAPI/2.0'
    'x-ms-request-id': 'ac631941-d01e-005a-543a-9d4387000000'
    'x-ms-client-request-id': '63f7daec-092d-11f0-8ff5-3a4c182f0ef9'
    'x-ms-version': 'REDACTED'
    'x-ms-creation-time': 'REDACTED'
    'x-ms-lease-status': 'REDACTED'
    'x-ms-lease-state': 'REDACTED'
    'x-ms-blob-type': 'REDACTED'
    'x-ms-server-encrypted': 'REDACTED'
    'x-ms-access-tier': 'REDACTED'
    'x-ms-access-tier-inferred': 'REDACTED'
    'Date': 'Tue, 25 Mar 2025 03:58:20 GMT'
2025-03-25 11:58:20,839 - azure.core.pipeline.policies.http_logging_policy - INFO - Request URL: 'https://uatrdgrandholystorage.blob.core.windows.net/uploads/1/87ace27c-a463-4b3e-99a3-e21415cd5b47___ZG9jeA.docx'
Request method: 'GET'
Request headers:
    'x-ms-range': 'REDACTED'
    'x-ms-version': 'REDACTED'
    'Accept': 'application/xml'
    'User-Agent': 'azsdk-python-storage-blob/12.9.0 Python/3.8.20 (Linux-5.15.173.1-2.cm2-x86_64-with-glibc2.2.5)'
    'x-ms-date': 'REDACTED'
    'x-ms-client-request-id': '643d27fa-092d-11f0-8ff5-3a4c182f0ef9'
    'Authorization': 'REDACTED'
No body was attached to the request
2025-03-25 11:58:20,871 - azure.core.pipeline.policies.http_logging_policy - INFO - Response status: 206
Response headers:
    'Content-Length': '9941'
    'Content-Type': 'application/vnd.openxmlformats-officedocument.wordprocessingml.document'
    'Content-Range': 'REDACTED'
    'Last-Modified': 'Mon, 24 Mar 2025 03:51:21 GMT'
    'Accept-Ranges': 'REDACTED'
    'ETag': '"0x8DD6A8723FBECC5"'
    'Server': 'Windows-Azure-Blob/1.0 Microsoft-HTTPAPI/2.0'
    'x-ms-request-id': 'ac63195f-d01e-005a-6e3a-9d4387000000'
    'x-ms-client-request-id': '643d27fa-092d-11f0-8ff5-3a4c182f0ef9'
    'x-ms-version': 'REDACTED'
    'x-ms-creation-time': 'REDACTED'
    'x-ms-blob-content-md5': 'REDACTED'
    'x-ms-lease-status': 'REDACTED'
    'x-ms-lease-state': 'REDACTED'
    'x-ms-blob-type': 'REDACTED'
    'x-ms-server-encrypted': 'REDACTED'
    'Date': 'Tue, 25 Mar 2025 03:58:20 GMT'
2025-03-25 11:59:01,632 - azure.core.pipeline.policies.http_logging_policy - INFO - Request URL: 'https://uatrdgrandholystorage.blob.core.windows.net/uploads/1/87ace27c-a463-4b3e-99a3-e21415cd5b47___ZG9jeA.docx'
Request method: 'HEAD'
Request headers:
    'x-ms-version': 'REDACTED'
    'Accept': 'application/xml'
    'User-Agent': 'azsdk-python-storage-blob/12.9.0 Python/3.8.20 (Linux-5.15.173.1-2.cm2-x86_64-with-glibc2.2.5)'
    'x-ms-date': 'REDACTED'
    'x-ms-client-request-id': '7c8db270-092d-11f0-8ff5-3a4c182f0ef9'
    'Authorization': 'REDACTED'
No body was attached to the request
2025-03-25 11:59:01,793 - azure.core.pipeline.policies.http_logging_policy - INFO - Response status: 200
Response headers:
    'Content-Length': '9941'
    'Content-Type': 'application/vnd.openxmlformats-officedocument.wordprocessingml.document'
    'Content-MD5': 'REDACTED'
    'Last-Modified': 'Mon, 24 Mar 2025 03:51:21 GMT'
    'Accept-Ranges': 'REDACTED'
    'ETag': '"0x8DD6A8723FBECC5"'
    'Server': 'Windows-Azure-Blob/1.0 Microsoft-HTTPAPI/2.0'
    'x-ms-request-id': '7465c812-901e-0064-333a-9dd4f8000000'
    'x-ms-client-request-id': '7c8db270-092d-11f0-8ff5-3a4c182f0ef9'
    'x-ms-version': 'REDACTED'
    'x-ms-creation-time': 'REDACTED'
    'x-ms-lease-status': 'REDACTED'
    'x-ms-lease-state': 'REDACTED'
    'x-ms-blob-type': 'REDACTED'
    'x-ms-server-encrypted': 'REDACTED'
    'x-ms-access-tier': 'REDACTED'
    'x-ms-access-tier-inferred': 'REDACTED'
    'Date': 'Tue, 25 Mar 2025 03:59:01 GMT'
2025-03-25 11:59:01,801 - azure.core.pipeline.policies.http_logging_policy - INFO - Request URL: 'https://uatrdgrandholystorage.blob.core.windows.net/uploads/1/87ace27c-a463-4b3e-99a3-e21415cd5b47___ZG9jeA.docx'
Request method: 'GET'
Request headers:
    'x-ms-range': 'REDACTED'
    'x-ms-version': 'REDACTED'
    'Accept': 'application/xml'
    'User-Agent': 'azsdk-python-storage-blob/12.9.0 Python/3.8.20 (Linux-5.15.173.1-2.cm2-x86_64-with-glibc2.2.5)'
    'x-ms-date': 'REDACTED'
    'x-ms-client-request-id': '7ca7707a-092d-11f0-8ff5-3a4c182f0ef9'
    'Authorization': 'REDACTED'
No body was attached to the request
2025-03-25 11:59:01,875 - azure.core.pipeline.policies.http_logging_policy - INFO - Response status: 206
Response headers:
    'Content-Length': '9941'
    'Content-Type': 'application/vnd.openxmlformats-officedocument.wordprocessingml.document'
    'Content-Range': 'REDACTED'
    'Last-Modified': 'Mon, 24 Mar 2025 03:51:21 GMT'
    'Accept-Ranges': 'REDACTED'
    'ETag': '"0x8DD6A8723FBECC5"'
    'Server': 'Windows-Azure-Blob/1.0 Microsoft-HTTPAPI/2.0'
    'x-ms-request-id': '7465c828-901e-0064-473a-9dd4f8000000'
    'x-ms-client-request-id': '7ca7707a-092d-11f0-8ff5-3a4c182f0ef9'
    'x-ms-version': 'REDACTED'
    'x-ms-creation-time': 'REDACTED'
    'x-ms-blob-content-md5': 'REDACTED'
    'x-ms-lease-status': 'REDACTED'
    'x-ms-lease-state': 'REDACTED'
    'x-ms-blob-type': 'REDACTED'
    'x-ms-server-encrypted': 'REDACTED'
    'Date': 'Tue, 25 Mar 2025 03:59:01 GMT'
2025-03-25 11:59:11,461 - azure.core.pipeline.policies.http_logging_policy - INFO - Request URL: 'https://uatrdgrandholystorage.blob.core.windows.net/uploads?restype=REDACTED&comp=REDACTED&prefix=REDACTED'
Request method: 'GET'
Request headers:
    'x-ms-version': 'REDACTED'
    'Accept': 'application/xml'
    'User-Agent': 'azsdk-python-storage-blob/12.9.0 Python/3.8.20 (Linux-5.15.173.1-2.cm2-x86_64-with-glibc2.2.5)'
    'x-ms-date': 'REDACTED'
    'x-ms-client-request-id': '82694d08-092d-11f0-8ff5-3a4c182f0ef9'
    'Authorization': 'REDACTED'
No body was attached to the request
2025-03-25 11:59:11,591 - azure.core.pipeline.policies.http_logging_policy - INFO - Response status: 200
Response headers:
    'Transfer-Encoding': 'chunked'
    'Content-Type': 'application/xml'
    'Server': 'Windows-Azure-Blob/1.0 Microsoft-HTTPAPI/2.0'
    'x-ms-request-id': '533bf3a8-a01e-001d-523a-9d28dc000000'
    'x-ms-client-request-id': '82694d08-092d-11f0-8ff5-3a4c182f0ef9'
    'x-ms-version': 'REDACTED'
    'Date': 'Tue, 25 Mar 2025 03:59:11 GMT'
2025-03-25 11:59:11,762 - azure.core.pipeline.policies.http_logging_policy - INFO - Request URL: 'https://uatrdgrandholystorage.blob.core.windows.net/uploads?restype=REDACTED'
Request method: 'GET'
Request headers:
    'x-ms-version': 'REDACTED'
    'Accept': 'application/xml'
    'User-Agent': 'azsdk-python-storage-blob/12.9.0 Python/3.8.20 (Linux-5.15.173.1-2.cm2-x86_64-with-glibc2.2.5)'
    'x-ms-date': 'REDACTED'
    'x-ms-client-request-id': '8297604e-092d-11f0-8ff5-3a4c182f0ef9'
    'Authorization': 'REDACTED'
No body was attached to the request
2025-03-25 11:59:11,912 - azure.core.pipeline.policies.http_logging_policy - INFO - Response status: 200
Response headers:
    'Content-Length': '0'
    'Last-Modified': 'Tue, 18 Mar 2025 07:51:30 GMT'
    'ETag': '"0x8DD65F1B22B7684"'
    'Server': 'Windows-Azure-Blob/1.0 Microsoft-HTTPAPI/2.0'
    'x-ms-request-id': 'faa2af98-701e-0053-0a3a-9d0654000000'
    'x-ms-client-request-id': '8297604e-092d-11f0-8ff5-3a4c182f0ef9'
    'x-ms-version': 'REDACTED'
    'x-ms-lease-status': 'REDACTED'
    'x-ms-lease-state': 'REDACTED'
    'x-ms-has-immutability-policy': 'REDACTED'
    'x-ms-has-legal-hold': 'REDACTED'
    'x-ms-immutable-storage-with-versioning-enabled': 'REDACTED'
    'x-ms-blob-public-access': 'REDACTED'
    'x-ms-default-encryption-scope': 'REDACTED'
    'x-ms-deny-encryption-scope-override': 'REDACTED'
    'Date': 'Tue, 25 Mar 2025 03:59:11 GMT'
2025-03-25 11:59:11,932 - root - INFO - 上傳文件: 0abbedb8-28fa-4d4e-934b-e86b7e936696___cG5n, 內容類型: image/png
2025-03-25 11:59:11,933 - root - INFO - 已添加副檔名: 0abbedb8-28fa-4d4e-934b-e86b7e936696___cG5n.png
2025-03-25 11:59:11,982 - azure.core.pipeline.policies.http_logging_policy - INFO - Request URL: 'https://uatrdgrandholystorage.blob.core.windows.net/uploads/2/0abbedb8-28fa-4d4e-934b-e86b7e936696___cG5n.png'
Request method: 'PUT'
Request headers:
    'x-ms-blob-type': 'REDACTED'
    'Content-Length': '2265890'
    'x-ms-version': 'REDACTED'
    'Content-Type': 'image/png'
    'Accept': 'application/xml'
    'User-Agent': 'azsdk-python-storage-blob/12.9.0 Python/3.8.20 (Linux-5.15.173.1-2.cm2-x86_64-with-glibc2.2.5)'
    'x-ms-date': 'REDACTED'
    'x-ms-client-request-id': '82b8e048-092d-11f0-8ff5-3a4c182f0ef9'
    'Authorization': 'REDACTED'
A body is sent with the request
2025-03-25 11:59:12,344 - azure.core.pipeline.policies.http_logging_policy - INFO - Response status: 201
Response headers:
    'Content-Length': '0'
    'Content-MD5': 'REDACTED'
    'Last-Modified': 'Tue, 25 Mar 2025 03:59:12 GMT'
    'ETag': '"0x8DD6B516724C0F6"'
    'Server': 'Windows-Azure-Blob/1.0 Microsoft-HTTPAPI/2.0'
    'x-ms-request-id': '54c642ac-c01e-0056-773a-9dd48f000000'
    'x-ms-client-request-id': '82b8e048-092d-11f0-8ff5-3a4c182f0ef9'
    'x-ms-version': 'REDACTED'
    'x-ms-content-crc64': 'REDACTED'
    'x-ms-request-server-encrypted': 'REDACTED'
    'Date': 'Tue, 25 Mar 2025 03:59:11 GMT'
2025-03-25 11:59:12,346 - root - INFO - 文件已上傳到Azure Blob，路徑: 2/0abbedb8-28fa-4d4e-934b-e86b7e936696___cG5n.png, 內容類型: image/png
2025-03-25 11:59:12,487 - azure.core.pipeline.policies.http_logging_policy - INFO - Request URL: 'https://uatrdgrandholystorage.blob.core.windows.net/uploads?restype=REDACTED&comp=REDACTED&prefix=REDACTED'
Request method: 'GET'
Request headers:
    'x-ms-version': 'REDACTED'
    'Accept': 'application/xml'
    'User-Agent': 'azsdk-python-storage-blob/12.9.0 Python/3.8.20 (Linux-5.15.173.1-2.cm2-x86_64-with-glibc2.2.5)'
    'x-ms-date': 'REDACTED'
    'x-ms-client-request-id': '8305ea00-092d-11f0-8ff5-3a4c182f0ef9'
    'Authorization': 'REDACTED'
No body was attached to the request
2025-03-25 11:59:12,578 - azure.core.pipeline.policies.http_logging_policy - INFO - Response status: 200
Response headers:
    'Transfer-Encoding': 'chunked'
    'Content-Type': 'application/xml'
    'Server': 'Windows-Azure-Blob/1.0 Microsoft-HTTPAPI/2.0'
    'x-ms-request-id': 'a6024e2a-e01e-006e-393a-9d704f000000'
    'x-ms-client-request-id': '8305ea00-092d-11f0-8ff5-3a4c182f0ef9'
    'x-ms-version': 'REDACTED'
    'Date': 'Tue, 25 Mar 2025 03:59:11 GMT'
2025-03-25 11:59:12,595 - azure.core.pipeline.policies.http_logging_policy - INFO - Request URL: 'https://uatrdgrandholystorage.blob.core.windows.net/uploads?restype=REDACTED'
Request method: 'GET'
Request headers:
    'x-ms-version': 'REDACTED'
    'Accept': 'application/xml'
    'User-Agent': 'azsdk-python-storage-blob/12.9.0 Python/3.8.20 (Linux-5.15.173.1-2.cm2-x86_64-with-glibc2.2.5)'
    'x-ms-date': 'REDACTED'
    'x-ms-client-request-id': '83167cf8-092d-11f0-8ff5-3a4c182f0ef9'
    'Authorization': 'REDACTED'
No body was attached to the request
2025-03-25 11:59:12,663 - azure.core.pipeline.policies.http_logging_policy - INFO - Response status: 200
Response headers:
    'Content-Length': '0'
    'Last-Modified': 'Tue, 18 Mar 2025 07:51:30 GMT'
    'ETag': '"0x8DD65F1B22B7684"'
    'Server': 'Windows-Azure-Blob/1.0 Microsoft-HTTPAPI/2.0'
    'x-ms-request-id': '1651e349-401e-0015-543a-9d32d3000000'
    'x-ms-client-request-id': '83167cf8-092d-11f0-8ff5-3a4c182f0ef9'
    'x-ms-version': 'REDACTED'
    'x-ms-lease-status': 'REDACTED'
    'x-ms-lease-state': 'REDACTED'
    'x-ms-has-immutability-policy': 'REDACTED'
    'x-ms-has-legal-hold': 'REDACTED'
    'x-ms-immutable-storage-with-versioning-enabled': 'REDACTED'
    'x-ms-blob-public-access': 'REDACTED'
    'x-ms-default-encryption-scope': 'REDACTED'
    'x-ms-deny-encryption-scope-override': 'REDACTED'
    'Date': 'Tue, 25 Mar 2025 03:59:12 GMT'
2025-03-25 11:59:12,667 - root - INFO - 上傳文件: 1196c48b-f740-43c6-825e-cd33e050cf25___ZG9jeA==, 內容類型: application/vnd.openxmlformats-officedocument.wordprocessingml.document
2025-03-25 11:59:12,675 - root - INFO - 已添加副檔名: 1196c48b-f740-43c6-825e-cd33e050cf25___ZG9jeA==.docx
2025-03-25 11:59:12,676 - root - INFO - 文件名已安全處理: 1196c48b-f740-43c6-825e-cd33e050cf25___ZG9jeA==.docx -> 1196c48b-f740-43c6-825e-cd33e050cf25___ZG9jeA.docx
2025-03-25 11:59:12,678 - azure.core.pipeline.policies.http_logging_policy - INFO - Request URL: 'https://uatrdgrandholystorage.blob.core.windows.net/uploads/2/1196c48b-f740-43c6-825e-cd33e050cf25___ZG9jeA.docx'
Request method: 'PUT'
Request headers:
    'x-ms-blob-type': 'REDACTED'
    'Content-Length': '9941'
    'x-ms-version': 'REDACTED'
    'Content-Type': 'application/vnd.openxmlformats-officedocument.wordprocessingml.document'
    'Accept': 'application/xml'
    'User-Agent': 'azsdk-python-storage-blob/12.9.0 Python/3.8.20 (Linux-5.15.173.1-2.cm2-x86_64-with-glibc2.2.5)'
    'x-ms-date': 'REDACTED'
    'x-ms-client-request-id': '83231fda-092d-11f0-8ff5-3a4c182f0ef9'
    'Authorization': 'REDACTED'
A body is sent with the request
2025-03-25 11:59:12,757 - azure.core.pipeline.policies.http_logging_policy - INFO - Response status: 201
Response headers:
    'Content-Length': '0'
    'Content-MD5': 'REDACTED'
    'Last-Modified': 'Tue, 25 Mar 2025 03:59:12 GMT'
    'ETag': '"0x8DD6B516764F4CB"'
    'Server': 'Windows-Azure-Blob/1.0 Microsoft-HTTPAPI/2.0'
    'x-ms-request-id': '3213cc99-601e-005f-173a-9d915c000000'
    'x-ms-client-request-id': '83231fda-092d-11f0-8ff5-3a4c182f0ef9'
    'x-ms-version': 'REDACTED'
    'x-ms-content-crc64': 'REDACTED'
    'x-ms-request-server-encrypted': 'REDACTED'
    'Date': 'Tue, 25 Mar 2025 03:59:11 GMT'
2025-03-25 11:59:12,776 - root - INFO - 文件已上傳到Azure Blob，路徑: 2/1196c48b-f740-43c6-825e-cd33e050cf25___ZG9jeA.docx, 內容類型: application/vnd.openxmlformats-officedocument.wordprocessingml.document
2025-03-25 11:59:12,829 - root - INFO - 從URL提取的blob路徑: 1/ae46a07b-1b1d-4142-86bb-27e7d1e557cd___cG5n.png
2025-03-25 11:59:12,831 - azure.core.pipeline.policies.http_logging_policy - INFO - Request URL: 'https://uatrdgrandholystorage.blob.core.windows.net/uploads/1/ae46a07b-1b1d-4142-86bb-27e7d1e557cd___cG5n.png'
Request method: 'HEAD'
Request headers:
    'x-ms-version': 'REDACTED'
    'Accept': 'application/xml'
    'User-Agent': 'azsdk-python-storage-blob/12.9.0 Python/3.8.20 (Linux-5.15.173.1-2.cm2-x86_64-with-glibc2.2.5)'
    'x-ms-date': 'REDACTED'
    'x-ms-client-request-id': '833a8314-092d-11f0-8ff5-3a4c182f0ef9'
    'Authorization': 'REDACTED'
No body was attached to the request
2025-03-25 11:59:12,892 - azure.core.pipeline.policies.http_logging_policy - INFO - Response status: 404
Response headers:
    'Transfer-Encoding': 'chunked'
    'Server': 'Windows-Azure-Blob/1.0 Microsoft-HTTPAPI/2.0'
    'x-ms-request-id': 'ce259503-201e-0061-323a-9d0623000000'
    'x-ms-client-request-id': '833a8314-092d-11f0-8ff5-3a4c182f0ef9'
    'x-ms-version': 'REDACTED'
    'x-ms-is-soft-deleted': 'REDACTED'
    'x-ms-error-code': 'BlobNotFound'
    'Date': 'Tue, 25 Mar 2025 03:59:12 GMT'
2025-03-25 11:59:12,899 - root - WARNING - 要刪除的blob不存在: https://uatrdgrandholystorage.blob.core.windows.net/uploads/1/ae46a07b-1b1d-4142-86bb-27e7d1e557cd___cG5n.png
2025-03-25 11:59:12,909 - root - INFO - 從URL提取的blob路徑: 1/87ace27c-a463-4b3e-99a3-e21415cd5b47___ZG9jeA.docx
2025-03-25 11:59:12,918 - azure.core.pipeline.policies.http_logging_policy - INFO - Request URL: 'https://uatrdgrandholystorage.blob.core.windows.net/uploads/1/87ace27c-a463-4b3e-99a3-e21415cd5b47___ZG9jeA.docx'
Request method: 'HEAD'
Request headers:
    'x-ms-version': 'REDACTED'
    'Accept': 'application/xml'
    'User-Agent': 'azsdk-python-storage-blob/12.9.0 Python/3.8.20 (Linux-5.15.173.1-2.cm2-x86_64-with-glibc2.2.5)'
    'x-ms-date': 'REDACTED'
    'x-ms-client-request-id': '8347b6ce-092d-11f0-8ff5-3a4c182f0ef9'
    'Authorization': 'REDACTED'
No body was attached to the request
2025-03-25 11:59:12,976 - azure.core.pipeline.policies.http_logging_policy - INFO - Response status: 200
Response headers:
    'Content-Length': '9941'
    'Content-Type': 'application/vnd.openxmlformats-officedocument.wordprocessingml.document'
    'Content-MD5': 'REDACTED'
    'Last-Modified': 'Mon, 24 Mar 2025 03:51:21 GMT'
    'Accept-Ranges': 'REDACTED'
    'ETag': '"0x8DD6A8723FBECC5"'
    'Server': 'Windows-Azure-Blob/1.0 Microsoft-HTTPAPI/2.0'
    'x-ms-request-id': '626343ed-001e-0059-113a-9da2e3000000'
    'x-ms-client-request-id': '8347b6ce-092d-11f0-8ff5-3a4c182f0ef9'
    'x-ms-version': 'REDACTED'
    'x-ms-creation-time': 'REDACTED'
    'x-ms-lease-status': 'REDACTED'
    'x-ms-lease-state': 'REDACTED'
    'x-ms-blob-type': 'REDACTED'
    'x-ms-server-encrypted': 'REDACTED'
    'x-ms-access-tier': 'REDACTED'
    'x-ms-access-tier-inferred': 'REDACTED'
    'Date': 'Tue, 25 Mar 2025 03:59:12 GMT'
2025-03-25 11:59:12,981 - azure.core.pipeline.policies.http_logging_policy - INFO - Request URL: 'https://uatrdgrandholystorage.blob.core.windows.net/uploads/1/87ace27c-a463-4b3e-99a3-e21415cd5b47___ZG9jeA.docx'
Request method: 'DELETE'
Request headers:
    'x-ms-version': 'REDACTED'
    'Accept': 'application/xml'
    'User-Agent': 'azsdk-python-storage-blob/12.9.0 Python/3.8.20 (Linux-5.15.173.1-2.cm2-x86_64-with-glibc2.2.5)'
    'x-ms-date': 'REDACTED'
    'x-ms-client-request-id': '83514ffe-092d-11f0-8ff5-3a4c182f0ef9'
    'Authorization': 'REDACTED'
No body was attached to the request
2025-03-25 11:59:12,999 - azure.core.pipeline.policies.http_logging_policy - INFO - Response status: 202
Response headers:
    'Content-Length': '0'
    'Server': 'Windows-Azure-Blob/1.0 Microsoft-HTTPAPI/2.0'
    'x-ms-request-id': '62634400-001e-0059-223a-9da2e3000000'
    'x-ms-client-request-id': '83514ffe-092d-11f0-8ff5-3a4c182f0ef9'
    'x-ms-version': 'REDACTED'
    'x-ms-delete-type-permanent': 'REDACTED'
    'Date': 'Tue, 25 Mar 2025 03:59:12 GMT'
2025-03-25 11:59:13,000 - root - INFO - 成功刪除blob: https://uatrdgrandholystorage.blob.core.windows.net/uploads/1/87ace27c-a463-4b3e-99a3-e21415cd5b47___ZG9jeA.docx
