2025-03-25 13:26:14 - date_cleaner - INFO - åˆå§‹åŒ–èª¿åº¦å™¨
2025-03-25 13:26:15 - date_cleaner - INFO - ä½¿ç”¨æ™‚å€: Asia/Taipei, ç•¶å‰æ™‚é–“: 2025-03-25T13:26:15.052010+08:00
2025-03-25 13:26:15 - apscheduler.scheduler - INFO - Adding job tentatively -- it will be properly scheduled when the scheduler starts
2025-03-25 13:26:15 - apscheduler.scheduler - INFO - Adding job tentatively -- it will be properly scheduled when the scheduler starts
2025-03-25 13:26:15 - apscheduler.scheduler - INFO - Added job "æ¸…ç†éæœŸé–å®šæ—¥æœŸä»»å‹™" to job store "default"
2025-03-25 13:26:15 - apscheduler.scheduler - INFO - Added job "åˆå§‹æ¸…ç†éæœŸé–å®šæ—¥æœŸä»»å‹™" to job store "default"
2025-03-25 13:26:15 - apscheduler.scheduler - INFO - Scheduler started
2025-03-25 13:26:15 - date_cleaner - INFO - èª¿åº¦å™¨å·²æˆåŠŸå•Ÿå‹•
2025-03-25 13:26:15 - date_cleaner - INFO - å·²èª¿åº¦ä»»å‹™: initial_clean_job (åˆå§‹æ¸…ç†éæœŸé–å®šæ—¥æœŸä»»å‹™), ä¸‹æ¬¡åŸ·è¡Œæ™‚é–“: 2025-03-25 13:26:25
2025-03-25 13:26:15 - date_cleaner - INFO - å·²èª¿åº¦ä»»å‹™: clean_expired_dates_job (æ¸…ç†éæœŸé–å®šæ—¥æœŸä»»å‹™), ä¸‹æ¬¡åŸ·è¡Œæ™‚é–“: 2025-03-26 00:05:00
2025-03-25 13:26:15 - werkzeug - INFO - [31m[1mWARNING: This is a development server. Do not use it in a production deployment. Use a production WSGI server instead.[0m
 * Running on http://127.0.0.1:5000
2025-03-25 13:26:15 - werkzeug - INFO - [33mPress CTRL+C to quit[0m
2025-03-25 13:26:15 - werkzeug - INFO -  * Restarting with stat
2025-03-25 13:26:18 - date_cleaner - INFO - åˆå§‹åŒ–èª¿åº¦å™¨
2025-03-25 13:26:18 - date_cleaner - INFO - ä½¿ç”¨æ™‚å€: Asia/Taipei, ç•¶å‰æ™‚é–“: 2025-03-25T13:26:18.961041+08:00
2025-03-25 13:26:18 - apscheduler.scheduler - INFO - Adding job tentatively -- it will be properly scheduled when the scheduler starts
2025-03-25 13:26:18 - apscheduler.scheduler - INFO - Adding job tentatively -- it will be properly scheduled when the scheduler starts
2025-03-25 13:26:18 - apscheduler.scheduler - INFO - Added job "æ¸…ç†éæœŸé–å®šæ—¥æœŸä»»å‹™" to job store "default"
2025-03-25 13:26:18 - apscheduler.scheduler - INFO - Added job "åˆå§‹æ¸…ç†éæœŸé–å®šæ—¥æœŸä»»å‹™" to job store "default"
2025-03-25 13:26:18 - apscheduler.scheduler - INFO - Scheduler started
2025-03-25 13:26:18 - date_cleaner - INFO - èª¿åº¦å™¨å·²æˆåŠŸå•Ÿå‹•
2025-03-25 13:26:18 - date_cleaner - INFO - å·²èª¿åº¦ä»»å‹™: initial_clean_job (åˆå§‹æ¸…ç†éæœŸé–å®šæ—¥æœŸä»»å‹™), ä¸‹æ¬¡åŸ·è¡Œæ™‚é–“: 2025-03-25 13:26:28
2025-03-25 13:26:18 - date_cleaner - INFO - å·²èª¿åº¦ä»»å‹™: clean_expired_dates_job (æ¸…ç†éæœŸé–å®šæ—¥æœŸä»»å‹™), ä¸‹æ¬¡åŸ·è¡Œæ™‚é–“: 2025-03-26 00:05:00
2025-03-25 13:26:19 - werkzeug - WARNING -  * Debugger is active!
2025-03-25 13:26:19 - werkzeug - INFO -  * Debugger PIN: 869-741-475
2025-03-25 13:26:25 - apscheduler.executors.default - INFO - Running job "åˆå§‹æ¸…ç†éæœŸé–å®šæ—¥æœŸä»»å‹™ (trigger: date[2025-03-25 13:26:25 CST], next run at: 2025-03-25 13:26:25 CST)" (scheduled at 2025-03-25 13:26:25.065973+08:00)
2025-03-25 13:26:25 - apscheduler.scheduler - INFO - Removed job initial_clean_job
2025-03-25 13:26:25 - date_cleaner - INFO - é–‹å§‹åŸ·è¡ŒéæœŸæ—¥æœŸæ¸…ç†ä»»å‹™
2025-03-25 13:26:25 - date_cleaner - INFO - ç•¶å‰æ—¥æœŸ: 2025-03-25
2025-03-25 13:26:25 - date_cleaner - INFO - è³‡æ–™åº«ä¸­çš„æ‰€æœ‰æ—¥æœŸ: ['2025-03-21']
2025-03-25 13:26:25 - date_cleaner - INFO - å·²æäº¤äº‹å‹™ï¼Œåˆªé™¤äº† 1 æ¢è¨˜éŒ„
2025-03-25 13:26:25 - date_cleaner - INFO - å·²åˆªé™¤ 1 å€‹éæœŸé–å®šæ—¥æœŸ
2025-03-25 13:26:25 - date_cleaner - INFO - å·²åˆªé™¤çš„æ—¥æœŸ: 2025-03-21
2025-03-25 13:26:25 - date_cleaner - INFO - å·²åˆªé™¤çš„ID: 20
2025-03-25 13:26:25 - date_cleaner - INFO - é–å®šæ—¥æœŸæ¸…ç†ä»»å‹™çµæŸ
2025-03-25 13:26:25 - apscheduler.executors.default - INFO - Job "åˆå§‹æ¸…ç†éæœŸé–å®šæ—¥æœŸä»»å‹™ (trigger: date[2025-03-25 13:26:25 CST], next run at: 2025-03-25 13:26:25 CST)" executed successfully
2025-03-25 13:26:25 - date_cleaner - INFO - ä»»å‹™ initial_clean_job åŸ·è¡ŒæˆåŠŸï¼Œæ¸…ç†äº† 1 å€‹éæœŸæ—¥æœŸ
2025-03-25 13:26:28 - apscheduler.executors.default - INFO - Running job "åˆå§‹æ¸…ç†éæœŸé–å®šæ—¥æœŸä»»å‹™ (trigger: date[2025-03-25 13:26:28 CST], next run at: 2025-03-25 13:26:28 CST)" (scheduled at 2025-03-25 13:26:28.967043+08:00)
2025-03-25 13:26:28 - apscheduler.scheduler - INFO - Removed job initial_clean_job
2025-03-25 13:26:28 - date_cleaner - INFO - é–‹å§‹åŸ·è¡ŒéæœŸæ—¥æœŸæ¸…ç†ä»»å‹™
2025-03-25 13:26:28 - date_cleaner - INFO - ç•¶å‰æ—¥æœŸ: 2025-03-25
2025-03-25 13:26:28 - date_cleaner - INFO - è³‡æ–™åº«ä¸­çš„æ‰€æœ‰æ—¥æœŸ: []
2025-03-25 13:26:29 - date_cleaner - INFO - å·²æäº¤äº‹å‹™ï¼Œåˆªé™¤äº† 0 æ¢è¨˜éŒ„
2025-03-25 13:26:29 - date_cleaner - INFO - æ²’æœ‰éæœŸçš„é–å®šæ—¥æœŸéœ€è¦æ¸…ç†
2025-03-25 13:26:29 - date_cleaner - INFO - é–å®šæ—¥æœŸæ¸…ç†ä»»å‹™çµæŸ
2025-03-25 13:26:29 - apscheduler.executors.default - INFO - Job "åˆå§‹æ¸…ç†éæœŸé–å®šæ—¥æœŸä»»å‹™ (trigger: date[2025-03-25 13:26:28 CST], next run at: 2025-03-25 13:26:28 CST)" executed successfully
2025-03-25 13:26:29 - date_cleaner - INFO - ä»»å‹™ initial_clean_job åŸ·è¡ŒæˆåŠŸï¼Œæ¸…ç†äº† 0 å€‹éæœŸæ—¥æœŸ
2025-03-25 13:40:12 - apscheduler.scheduler - INFO - Scheduler has been shut down
2025-03-25 13:40:12 - date_cleaner - INFO - èª¿åº¦å™¨å·²æ­£å¸¸é—œé–‰
2025-03-25 13:40:12 - apscheduler.scheduler - INFO - Scheduler has been shut down
2025-03-25 13:40:12 - date_cleaner - INFO - èª¿åº¦å™¨å·²æ­£å¸¸é—œé–‰
2025-03-25 13:52:39 - date_cleaner - INFO - åˆå§‹åŒ–èª¿åº¦å™¨
2025-03-25 13:52:39 - date_cleaner - INFO - ä½¿ç”¨æ™‚å€: Asia/Taipei, ç•¶å‰æ™‚é–“: 2025-03-25T13:52:39.649696+08:00
2025-03-25 13:52:39 - apscheduler.scheduler - INFO - Adding job tentatively -- it will be properly scheduled when the scheduler starts
2025-03-25 13:52:39 - apscheduler.scheduler - INFO - Adding job tentatively -- it will be properly scheduled when the scheduler starts
2025-03-25 13:52:39 - apscheduler.scheduler - INFO - Added job "æ¸…ç†éæœŸé–å®šæ—¥æœŸä»»å‹™" to job store "default"
2025-03-25 13:52:39 - apscheduler.scheduler - INFO - Added job "åˆå§‹æ¸…ç†éæœŸé–å®šæ—¥æœŸä»»å‹™" to job store "default"
2025-03-25 13:52:39 - apscheduler.scheduler - INFO - Scheduler started
2025-03-25 13:52:39 - date_cleaner - INFO - èª¿åº¦å™¨å·²æˆåŠŸå•Ÿå‹•
2025-03-25 13:52:39 - date_cleaner - INFO - å·²èª¿åº¦ä»»å‹™: initial_clean_job (åˆå§‹æ¸…ç†éæœŸé–å®šæ—¥æœŸä»»å‹™), ä¸‹æ¬¡åŸ·è¡Œæ™‚é–“: 2025-03-25 13:52:49
2025-03-25 13:52:39 - date_cleaner - INFO - å·²èª¿åº¦ä»»å‹™: clean_expired_dates_job (æ¸…ç†éæœŸé–å®šæ—¥æœŸä»»å‹™), ä¸‹æ¬¡åŸ·è¡Œæ™‚é–“: 2025-03-26 00:05:00
2025-03-25 13:52:39 - werkzeug - INFO - [31m[1mWARNING: This is a development server. Do not use it in a production deployment. Use a production WSGI server instead.[0m
 * Running on http://127.0.0.1:5000
2025-03-25 13:52:39 - werkzeug - INFO - [33mPress CTRL+C to quit[0m
2025-03-25 13:52:39 - werkzeug - INFO -  * Restarting with stat
2025-03-25 13:52:42 - date_cleaner - INFO - åˆå§‹åŒ–èª¿åº¦å™¨
2025-03-25 13:52:43 - date_cleaner - INFO - ä½¿ç”¨æ™‚å€: Asia/Taipei, ç•¶å‰æ™‚é–“: 2025-03-25T13:52:43.117506+08:00
2025-03-25 13:52:43 - apscheduler.scheduler - INFO - Adding job tentatively -- it will be properly scheduled when the scheduler starts
2025-03-25 13:52:43 - apscheduler.scheduler - INFO - Adding job tentatively -- it will be properly scheduled when the scheduler starts
2025-03-25 13:52:43 - apscheduler.scheduler - INFO - Added job "æ¸…ç†éæœŸé–å®šæ—¥æœŸä»»å‹™" to job store "default"
2025-03-25 13:52:43 - apscheduler.scheduler - INFO - Added job "åˆå§‹æ¸…ç†éæœŸé–å®šæ—¥æœŸä»»å‹™" to job store "default"
2025-03-25 13:52:43 - apscheduler.scheduler - INFO - Scheduler started
2025-03-25 13:52:43 - date_cleaner - INFO - èª¿åº¦å™¨å·²æˆåŠŸå•Ÿå‹•
2025-03-25 13:52:43 - date_cleaner - INFO - å·²èª¿åº¦ä»»å‹™: initial_clean_job (åˆå§‹æ¸…ç†éæœŸé–å®šæ—¥æœŸä»»å‹™), ä¸‹æ¬¡åŸ·è¡Œæ™‚é–“: 2025-03-25 13:52:53
2025-03-25 13:52:43 - date_cleaner - INFO - å·²èª¿åº¦ä»»å‹™: clean_expired_dates_job (æ¸…ç†éæœŸé–å®šæ—¥æœŸä»»å‹™), ä¸‹æ¬¡åŸ·è¡Œæ™‚é–“: 2025-03-26 00:05:00
2025-03-25 13:52:43 - werkzeug - WARNING -  * Debugger is active!
2025-03-25 13:52:43 - werkzeug - INFO -  * Debugger PIN: 869-741-475
2025-03-25 13:52:49 - apscheduler.executors.default - INFO - Running job "åˆå§‹æ¸…ç†éæœŸé–å®šæ—¥æœŸä»»å‹™ (trigger: date[2025-03-25 13:52:49 CST], next run at: 2025-03-25 13:52:49 CST)" (scheduled at 2025-03-25 13:52:49.658677+08:00)
2025-03-25 13:52:49 - apscheduler.scheduler - INFO - Removed job initial_clean_job
2025-03-25 13:52:49 - date_cleaner - INFO - é–‹å§‹åŸ·è¡ŒéæœŸæ—¥æœŸæ¸…ç†ä»»å‹™
2025-03-25 13:52:49 - date_cleaner - INFO - ç•¶å‰æ—¥æœŸ: 2025-03-25
2025-03-25 13:52:49 - date_cleaner - INFO - è³‡æ–™åº«ä¸­çš„æ‰€æœ‰æ—¥æœŸ: []
2025-03-25 13:52:49 - date_cleaner - INFO - å·²æäº¤äº‹å‹™ï¼Œåˆªé™¤äº† 0 æ¢è¨˜éŒ„
2025-03-25 13:52:49 - date_cleaner - INFO - æ²’æœ‰éæœŸçš„é–å®šæ—¥æœŸéœ€è¦æ¸…ç†
2025-03-25 13:52:49 - date_cleaner - INFO - é–å®šæ—¥æœŸæ¸…ç†ä»»å‹™çµæŸ
2025-03-25 13:52:49 - apscheduler.executors.default - INFO - Job "åˆå§‹æ¸…ç†éæœŸé–å®šæ—¥æœŸä»»å‹™ (trigger: date[2025-03-25 13:52:49 CST], next run at: 2025-03-25 13:52:49 CST)" executed successfully
2025-03-25 13:52:49 - date_cleaner - INFO - ä»»å‹™ initial_clean_job åŸ·è¡ŒæˆåŠŸï¼Œæ¸…ç†äº† 0 å€‹éæœŸæ—¥æœŸ
2025-03-25 13:52:53 - apscheduler.executors.default - INFO - Running job "åˆå§‹æ¸…ç†éæœŸé–å®šæ—¥æœŸä»»å‹™ (trigger: date[2025-03-25 13:52:53 CST], next run at: 2025-03-25 13:52:53 CST)" (scheduled at 2025-03-25 13:52:53.125486+08:00)
2025-03-25 13:52:53 - apscheduler.scheduler - INFO - Removed job initial_clean_job
2025-03-25 13:52:53 - date_cleaner - INFO - é–‹å§‹åŸ·è¡ŒéæœŸæ—¥æœŸæ¸…ç†ä»»å‹™
2025-03-25 13:52:53 - date_cleaner - INFO - ç•¶å‰æ—¥æœŸ: 2025-03-25
2025-03-25 13:52:53 - date_cleaner - INFO - è³‡æ–™åº«ä¸­çš„æ‰€æœ‰æ—¥æœŸ: []
2025-03-25 13:52:53 - date_cleaner - INFO - å·²æäº¤äº‹å‹™ï¼Œåˆªé™¤äº† 0 æ¢è¨˜éŒ„
2025-03-25 13:52:53 - date_cleaner - INFO - æ²’æœ‰éæœŸçš„é–å®šæ—¥æœŸéœ€è¦æ¸…ç†
2025-03-25 13:52:53 - date_cleaner - INFO - é–å®šæ—¥æœŸæ¸…ç†ä»»å‹™çµæŸ
2025-03-25 13:52:53 - apscheduler.executors.default - INFO - Job "åˆå§‹æ¸…ç†éæœŸé–å®šæ—¥æœŸä»»å‹™ (trigger: date[2025-03-25 13:52:53 CST], next run at: 2025-03-25 13:52:53 CST)" executed successfully
2025-03-25 13:52:53 - date_cleaner - INFO - ä»»å‹™ initial_clean_job åŸ·è¡ŒæˆåŠŸï¼Œæ¸…ç†äº† 0 å€‹éæœŸæ—¥æœŸ
2025-03-25 13:59:41 - werkzeug - INFO -  * Detected change in 'c:\\Users\\MSI\\Desktop\\python\\erp-python1\\backend\\app.py', reloading
2025-03-25 13:59:41 - apscheduler.scheduler - INFO - Scheduler has been shut down
2025-03-25 13:59:41 - date_cleaner - INFO - èª¿åº¦å™¨å·²æ­£å¸¸é—œé–‰
2025-03-25 13:59:41 - werkzeug - INFO -  * Restarting with stat
